
============================================================
EXAM: CPA - 7 files
============================================================

Processing: /workspaces/passcpa/src/data/cpa/lessons/json/aud.json
  [1/73] AUD-I-001 - Enhancing...
    ✓ Added 4 engagement sections
  [2/73] AUD-I-002 - Enhancing...
    ✓ Added 4 engagement sections
  [3/73] AUD-I-003 - Enhancing...
    ✓ Added 4 engagement sections
  [4/73] AUD-I-004 - Enhancing...
    ✓ Added 4 engagement sections
  [5/73] AUD-I-005 - Enhancing...
    ✓ Added 4 engagement sections
  [6/73] AUD-I-006 - Enhancing...
    ✓ Added 4 engagement sections
  [7/73] AUD-I-007 - Enhancing...
    ✓ Added 4 engagement sections
  [8/73] AUD-I-008 - Enhancing...
    ✓ Added 4 engagement sections
  [9/73] AUD-I-009 - Enhancing...
    ✓ Added 4 engagement sections
  [10/73] AUD-I-010 - Enhancing...
    ✓ Added 4 engagement sections
    [Saved progress: 10 enhanced]
  [11/73] AUD-II-001 - Enhancing...
    ✓ Added 4 engagement sections
  [12/73] AUD-II-002 - Enhancing...
    ✓ Added 4 engagement sections
  [13/73] AUD-II-003 - Enhancing...
    ✓ Added 4 engagement sections
  [14/73] AUD-II-004 - Enhancing...
    ✓ Added 4 engagement sections
  [15/73] AUD-II-005 - Enhancing...
    ✓ Added 4 engagement sections
  [16/73] AUD-II-006 - Enhancing...
    ✓ Added 4 engagement sections
  [17/73] AUD-II-007 - Enhancing...
    ✓ Added 4 engagement sections
  [18/73] AUD-II-008 - Enhancing...
    ✓ Added 4 engagement sections
  [19/73] AUD-II-009 - Enhancing...
    ✓ Added 4 engagement sections
  [20/73] AUD-II-010 - Enhancing...
    ✓ Added 4 engagement sections
    [Saved progress: 20 enhanced]
  [21/73] AUD-II-011 - Enhancing...
    ✓ Added 4 engagement sections
  [22/73] AUD-II-012 - Enhancing...
    ✓ Added 4 engagement sections
  [23/73] AUD-III-001 - Enhancing...
    ✓ Added 4 engagement sections
  [24/73] AUD-III-002 - Enhancing...
    ✓ Added 4 engagement sections
  [25/73] AUD-III-003 - Enhancing...
    ✓ Added 4 engagement sections
  [26/73] AUD-III-004 - Enhancing...
    ✓ Added 4 engagement sections
  [27/73] AUD-III-005 - Enhancing...
    ✓ Added 4 engagement sections
  [28/73] AUD-III-006 - Enhancing...
    ✓ Added 4 engagement sections
  [29/73] AUD-III-007 - Enhancing...
    ✓ Added 4 engagement sections
  [30/73] AUD-III-008 - Enhancing...
    ✓ Added 4 engagement sections
    [Saved progress: 30 enhanced]
  [31/73] AUD-III-009 - Enhancing...
    ✓ Added 4 engagement sections
  [32/73] AUD-III-010 - Enhancing...
    ✓ Added 4 engagement sections
  [33/73] AUD-III-011 - Enhancing...
    ✓ Added 4 engagement sections
  [34/73] AUD-III-012 - Enhancing...
    ✓ Added 4 engagement sections
  [35/73] AUD-III-013 - Enhancing...
    ✓ Added 4 engagement sections
  [36/73] AUD-III-014 - Enhancing...
    ✓ Added 4 engagement sections
  [37/73] AUD-III-015 - Enhancing...
    ✓ Added 4 engagement sections
  [38/73] AUD-IV-001 - Enhancing...
    ✓ Added 4 engagement sections
  [39/73] AUD-IV-002 - Enhancing...
    ✓ Added 4 engagement sections
  [40/73] AUD-IV-003 - Enhancing...
    ✓ Added 4 engagement sections
    [Saved progress: 40 enhanced]
  [41/73] AUD-IV-004 - Enhancing...
    ✓ Added 4 engagement sections
  [42/73] AUD-IV-005 - Enhancing...
    ✓ Added 4 engagement sections
  [43/73] AUD-IV-006 - Enhancing...
    ✓ Added 4 engagement sections
  [44/73] AUD-IV-007 - Enhancing...
    ✓ Added 4 engagement sections
  [45/73] AUD-IV-008 - Enhancing...
    ✓ Added 4 engagement sections
  [46/73] AUD-IV-009 - Enhancing...
    ✓ Added 4 engagement sections
  [47/73] AUD-IV-010 - Enhancing...
    ✓ Added 4 engagement sections
  [48/73] AUD-IV-011 - Enhancing...
    ✓ Added 4 engagement sections
  [49/73] AUD-IV-012 - Enhancing...
    ✓ Added 4 engagement sections
  [50/73] AUD-IV-013 - Enhancing...
    ✓ Added 4 engagement sections
    [Saved progress: 50 enhanced]
  [51/73] AUD-II-110 - Enhancing...
    ✓ Added 4 engagement sections
  [52/73] AUD-II-111 - Enhancing...
    ✓ Added 4 engagement sections
  [53/73] AUD-II-112 - Enhancing...
    ✓ Added 4 engagement sections
  [54/73] AUD-II-013 - Enhancing...
    ✓ Added 4 engagement sections
  [55/73] AUD-III-113 - Enhancing...
    ✓ Added 4 engagement sections
  [56/73] AUD-III-114 - Enhancing...
    ✓ Added 4 engagement sections
  [57/73] AUD-IV-112 - Enhancing...
    ✓ Added 4 engagement sections
  [58/73] AUD-IV-113 - Enhancing...
    ✓ Added 4 engagement sections
  [59/73] AUD-IV-014 - Enhancing...
    ✓ Added 4 engagement sections
  [60/73] AUD-IV-015 - Enhancing...
    ✓ Added 4 engagement sections
    [Saved progress: 60 enhanced]
  [61/73] AUD-IV-016 - Enhancing...
    ✓ Added 4 engagement sections
  [62/73] AUD-IV-017 - Enhancing...
    ✓ Added 4 engagement sections
  [63/73] AUD-IV-018 - Enhancing...
    ✓ Added 4 engagement sections
  [64/73] AUD-IV-019 - Enhancing...
    ✓ Added 4 engagement sections
  [65/73] AUD-IV-020 - Enhancing...
    ✓ Added 4 engagement sections
  [66/73] AUD-I-015 - Enhancing...
    ✓ Added 4 engagement sections
  [67/73] AUD-II-015 - Enhancing...
    ✓ Added 4 engagement sections
  [68/73] AUD-II-016 - Enhancing...
    ✓ Added 4 engagement sections
  [69/73] AUD-II-017 - Enhancing...
    ✓ Added 4 engagement sections
  [70/73] AUD-III-115 - Enhancing...
    ✓ Added 4 engagement sections
    [Saved progress: 70 enhanced]
  [71/73] AUD-III-016 - Enhancing...
    ✓ Added 4 engagement sections
  [72/73] AUD-IV-021 - Enhancing...
    ✓ Added 4 engagement sections
  [73/73] AUD-IV-022 - Enhancing...
    ✓ Added 4 engagement sections

Processing: /workspaces/passcpa/src/data/cpa/lessons/json/bar.json
  [1/77] BAR-I-001 - Enhancing...
    ✓ Added 4 engagement sections
  [2/77] BAR-I-002 - Enhancing...
    ✓ Added 4 engagement sections
  [3/77] BAR-I-003 - Enhancing...
    ✓ Added 4 engagement sections
  [4/77] BAR-I-004 - Enhancing...
    ✓ Added 4 engagement sections
  [5/77] BAR-I-005 - Enhancing...
    ✓ Added 4 engagement sections
  [6/77] BAR-I-006 - Enhancing...
    ✓ Added 4 engagement sections
  [7/77] BAR-I-007 - Enhancing...
    ✓ Added 4 engagement sections
  [8/77] BAR-I-008 - Enhancing...
    ✓ Added 4 engagement sections
  [9/77] BAR-I-009 - Enhancing...
    ✓ Added 4 engagement sections
  [10/77] BAR-I-010 - Enhancing...
    ✓ Added 4 engagement sections
    [Saved progress: 10 enhanced]
  [11/77] BAR-II-001 - Enhancing...
    ✓ Added 4 engagement sections
  [12/77] BAR-II-002 - Enhancing...
    ✓ Added 4 engagement sections
  [13/77] BAR-II-003 - Enhancing...
    ✓ Added 4 engagement sections
  [14/77] BAR-II-004 - Enhancing...
    ✓ Added 4 engagement sections
  [15/77] BAR-II-005 - Enhancing...
    ✓ Added 4 engagement sections
  [16/77] BAR-II-006 - Enhancing...
    ✓ Added 4 engagement sections
  [17/77] BAR-II-007 - Enhancing...
    ✓ Added 4 engagement sections
  [18/77] BAR-II-008 - Enhancing...
    ✓ Added 4 engagement sections
  [19/77] BAR-II-009 - Enhancing...
    ✓ Added 4 engagement sections
  [20/77] BAR-II-010 - Enhancing...
    ✓ Added 4 engagement sections
    [Saved progress: 20 enhanced]
  [21/77] BAR-II-011 - Enhancing...
    ✓ Added 4 engagement sections
  [22/77] BAR-II-012 - Enhancing...
    ✓ Added 4 engagement sections
  [23/77] BAR-III-001 - Enhancing...
    ✓ Added 4 engagement sections
  [24/77] BAR-III-002 - Enhancing...
    ✓ Added 4 engagement sections
  [25/77] BAR-III-003 - Enhancing...
    ✓ Added 4 engagement sections
  [26/77] BAR-III-004 - Enhancing...
    ✓ Added 4 engagement sections
  [27/77] BAR-III-005 - Enhancing...
    ✓ Added 4 engagement sections
  [28/77] BAR-III-006 - Enhancing...
    ✓ Added 4 engagement sections
  [29/77] BAR-III-007 - Enhancing...
    ✓ Added 4 engagement sections
  [30/77] BAR-III-008 - Enhancing...
    ✓ Added 4 engagement sections
    [Saved progress: 30 enhanced]
  [31/77] BAR-III-009 - Enhancing...
    ✓ Added 4 engagement sections
  [32/77] BAR-IV-001 - Enhancing...
    ✓ Added 4 engagement sections
  [33/77] BAR-IV-002 - Enhancing...
    ✓ Added 4 engagement sections
  [34/77] BAR-IV-003 - Enhancing...
    ✓ Added 4 engagement sections
  [35/77] BAR-IV-004 - Enhancing...
    ✓ Added 4 engagement sections
  [36/77] BAR-IV-005 - Enhancing...
    ✓ Added 4 engagement sections
  [37/77] BAR-IV-006 - Enhancing...
    ✓ Added 4 engagement sections
  [38/77] BAR-IV-007 - Enhancing...
    ✓ Added 4 engagement sections
  [39/77] BAR-IV-008 - Enhancing...
    ✓ Added 4 engagement sections
  [40/77] BAR-IV-009 - Enhancing...
    ✓ Added 4 engagement sections
    [Saved progress: 40 enhanced]
  [41/77] BAR-V-001 - Enhancing...
    ✓ Added 4 engagement sections
  [42/77] BAR-V-002 - Enhancing...
    ✓ Added 4 engagement sections
  [43/77] BAR-V-003 - Enhancing...
    ✓ Added 4 engagement sections
  [44/77] BAR-V-004 - Enhancing...
    ✓ Added 4 engagement sections
  [45/77] BAR-V-005 - Enhancing...
    ✓ Added 4 engagement sections
  [46/77] BAR-V-006 - Enhancing...
    ✓ Added 4 engagement sections
  [47/77] BAR-V-007 - Enhancing...
    ✓ Added 4 engagement sections
  [48/77] BAR-V-008 - Enhancing...
    ✓ Added 4 engagement sections
  [49/77] BAR-V-009 - Enhancing...
    ✓ Added 4 engagement sections
  [50/77] BAR-V-010 - Enhancing...
    ✓ Added 4 engagement sections
    [Saved progress: 50 enhanced]
  [51/77] BAR-V-011 - Enhancing...
    ✓ Added 4 engagement sections
  [52/77] BAR-V-012 - Enhancing...
    ✓ Added 4 engagement sections
  [53/77] BAR-V-013 - Enhancing...
    ✓ Added 4 engagement sections
  [54/77] BAR-V-014 - Enhancing...
    ✓ Added 4 engagement sections
  [55/77] BAR-V-015 - Enhancing...
    ✓ Added 4 engagement sections
  [56/77] BAR-I-016 - Enhancing...
    ✓ Added 4 engagement sections
  [57/77] BAR-I-017 - Enhancing...
    ✓ Added 4 engagement sections
  [58/77] BAR-I-018 - Enhancing...
    ✓ Added 4 engagement sections
  [59/77] BAR-I-019 - Enhancing...
    ✓ Added 4 engagement sections
  [60/77] BAR-I-020 - Enhancing...
    ✓ Added 4 engagement sections
    [Saved progress: 60 enhanced]
  [61/77] BAR-I-021 - Enhancing...
    ✓ Added 4 engagement sections
  [62/77] BAR-I-022 - Enhancing...
    ✓ Added 4 engagement sections
  [63/77] BAR-I-023 - Enhancing...
    ✓ Added 4 engagement sections
  [64/77] BAR-I-024 - Enhancing...
    ✓ Added 4 engagement sections
  [65/77] BAR-IV-010 - Enhancing...
    ✓ Added 4 engagement sections
  [66/77] BAR-III-010 - Enhancing...
    ✓ Added 4 engagement sections
  [67/77] BAR-III-011 - Enhancing...
    ✓ Added 4 engagement sections
  [68/77] BAR-II-110 - Enhancing...
    ✓ Added 4 engagement sections
  [69/77] BAR-II-111 - Enhancing...
    ✓ Added 4 engagement sections
  [70/77] BAR-I-015 - Enhancing...
    ✓ Added 4 engagement sections
    [Saved progress: 70 enhanced]
  [71/77] BAR-VII-001 - Enhancing...
    ✓ Added 4 engagement sections
  [72/77] BAR-VII-002 - Enhancing...
    ✓ Added 4 engagement sections
  [73/77] BAR-VII-003 - Enhancing...
    ✓ Added 4 engagement sections
  [74/77] BAR-VII-004 - Enhancing...
    ✓ Added 4 engagement sections
  [75/77] BAR-VII-005 - Enhancing...
    ✓ Added 4 engagement sections
  [76/77] BAR-VII-006 - Enhancing...
    ✓ Added 4 engagement sections
  [77/77] BAR-VII-007 - Enhancing...
    ✓ Added 4 engagement sections

Processing: /workspaces/passcpa/src/data/cpa/lessons/json/far.json
  [1/92] FAR-I-001 - Enhancing...
    ✓ Added 4 engagement sections
  [2/92] FAR-I-002 - Enhancing...
    ✓ Added 4 engagement sections
  [3/92] FAR-I-003 - Enhancing...
    ✓ Added 4 engagement sections
  [4/92] FAR-I-004 - Enhancing...
    ✓ Added 4 engagement sections
  [5/92] FAR-I-005 - Enhancing...
    ✓ Added 4 engagement sections
  [6/92] FAR-I-006 - Enhancing...
    ✓ Added 4 engagement sections
  [7/92] FAR-I-007 - Enhancing...
    ✓ Added 4 engagement sections
  [8/92] FAR-II-001 - Enhancing...
    ✓ Added 4 engagement sections
  [9/92] FAR-II-002 - Enhancing...
    ✓ Added 4 engagement sections
  [10/92] FAR-II-003 - Enhancing...
    ✓ Added 4 engagement sections
    [Saved progress: 10 enhanced]
  [11/92] FAR-II-004 - Enhancing...
    ✓ Added 4 engagement sections
  [12/92] FAR-II-005 - Enhancing...
    ✓ Added 4 engagement sections
  [13/92] FAR-II-006 - Enhancing...
    ✓ Added 4 engagement sections
  [14/92] FAR-II-007 - Enhancing...
    ✓ Added 4 engagement sections
  [15/92] FAR-II-008 - Enhancing...
    ✓ Added 4 engagement sections
  [16/92] FAR-II-009 - Enhancing...
    ✓ Added 4 engagement sections
  [17/92] FAR-II-010 - Enhancing...
    ✓ Added 4 engagement sections
  [18/92] FAR-II-011 - Enhancing...
    ✓ Added 4 engagement sections
  [19/92] FAR-II-012 - Enhancing...
    ✓ Added 4 engagement sections
  [20/92] FAR-II-013 - Enhancing...
    ✓ Added 4 engagement sections
    [Saved progress: 20 enhanced]
  [21/92] FAR-II-014 - Enhancing...
    ✓ Added 4 engagement sections
  [22/92] FAR-II-015 - Enhancing...
    ✓ Added 4 engagement sections
  [23/92] FAR-II-016 - Enhancing...
    ✓ Added 4 engagement sections
  [24/92] FAR-II-017 - Enhancing...
    ✓ Added 4 engagement sections
  [25/92] FAR-II-018 - Enhancing...
    ✓ Added 4 engagement sections
  [26/92] FAR-II-019 - Enhancing...
    ✓ Added 4 engagement sections
  [27/92] FAR-II-020 - Enhancing...
    ✓ Added 4 engagement sections
  [28/92] FAR-II-021 - Enhancing...
    ✓ Added 4 engagement sections
  [29/92] FAR-II-022 - Enhancing...
    ✓ Added 4 engagement sections
  [30/92] FAR-II-023 - Enhancing...
    ✓ Added 4 engagement sections
    [Saved progress: 30 enhanced]
  [31/92] FAR-II-024 - Enhancing...
    ✓ Added 4 engagement sections
  [32/92] FAR-II-025 - Enhancing...
    ✓ Added 4 engagement sections
  [33/92] FAR-II-026 - Enhancing...
    ✓ Added 4 engagement sections
  [34/92] FAR-II-027 - Enhancing...
    ✓ Added 4 engagement sections
  [35/92] FAR-II-028 - Enhancing...
    ✓ Added 4 engagement sections
  [36/92] FAR-II-029 - Enhancing...
    ✓ Added 4 engagement sections
  [37/92] FAR-II-030 - Enhancing...
    ✓ Added 4 engagement sections
  [38/92] FAR-III-001 - Enhancing...
    ✓ Added 4 engagement sections
  [39/92] FAR-III-002 - Enhancing...
    ✓ Added 4 engagement sections
  [40/92] FAR-III-003 - Enhancing...
    ✓ Added 4 engagement sections
    [Saved progress: 40 enhanced]
  [41/92] FAR-III-004 - Enhancing...
    ✓ Added 4 engagement sections
  [42/92] FAR-III-005 - Enhancing...
    ✓ Added 4 engagement sections
  [43/92] FAR-III-006 - Enhancing...
    ✓ Added 4 engagement sections
  [44/92] FAR-III-007 - Enhancing...
    ✓ Added 4 engagement sections
  [45/92] FAR-III-008 - Enhancing...
    ✓ Added 4 engagement sections
  [46/92] FAR-III-009 - Enhancing...
    ✓ Added 4 engagement sections
  [47/92] FAR-III-010 - Enhancing...
    ✓ Added 4 engagement sections
  [48/92] FAR-III-011 - Enhancing...
    ✓ Added 4 engagement sections
  [49/92] FAR-III-012 - Enhancing...
    ✓ Added 4 engagement sections
  [50/92] FAR-III-013 - Enhancing...
    ✓ Added 4 engagement sections
    [Saved progress: 50 enhanced]
  [51/92] FAR-III-014 - Enhancing...
    ✓ Added 4 engagement sections
  [52/92] FAR-III-015 - Enhancing...
    ✓ Added 4 engagement sections
  [53/92] FAR-III-016 - Enhancing...
    ✓ Added 4 engagement sections
  [54/92] FAR-III-017 - Enhancing...
    ✓ Added 4 engagement sections
  [55/92] FAR-IV-001 - Enhancing...
    ✓ Added 4 engagement sections
  [56/92] FAR-IV-002 - Enhancing...
    ✓ Added 4 engagement sections
  [57/92] FAR-IV-003 - Enhancing...
    ✓ Added 4 engagement sections
  [58/92] FAR-IV-004 - Enhancing...
    ✓ Added 4 engagement sections
  [59/92] FAR-IV-005 - Enhancing...
    ✓ Added 4 engagement sections
  [60/92] FAR-IV-006 - Enhancing...
    ✓ Added 4 engagement sections
    [Saved progress: 60 enhanced]
  [61/92] FAR-IV-007 - Enhancing...
    ✓ Added 4 engagement sections
  [62/92] FAR-IV-008 - Enhancing...
    ✓ Added 4 engagement sections
  [63/92] FAR-IV-009 - Enhancing...
    ✓ Added 4 engagement sections
