[debug] [2026-02-01T15:54:23.698Z] ----------------------------------------------------------------------
[debug] [2026-02-01T15:54:23.699Z] Command:       /usr/local/share/nvm/versions/node/v24.11.1/bin/node /home/codespace/nvm/current/bin/firebase deploy --only hosting
[debug] [2026-02-01T15:54:23.700Z] CLI Version:   15.4.0
[debug] [2026-02-01T15:54:23.700Z] Platform:      linux
[debug] [2026-02-01T15:54:23.700Z] Node Version:  v24.11.1
[debug] [2026-02-01T15:54:23.700Z] Time:          Sun Feb 01 2026 15:54:23 GMT+0000 (Coordinated Universal Time)
[debug] [2026-02-01T15:54:23.700Z] ----------------------------------------------------------------------
[debug] 
[debug] [2026-02-01T15:54:24.593Z] > command requires scopes: ["email","openid","https://www.googleapis.com/auth/cloudplatformprojects.readonly","https://www.googleapis.com/auth/firebase","https://www.googleapis.com/auth/cloud-platform"]
[debug] [2026-02-01T15:54:24.593Z] > authorizing via signed-in user (rob@sagecg.com)
[debug] [2026-02-01T15:54:24.594Z] [iam] checking project passcpa-dev for permissions ["firebase.projects.get","firebasehosting.sites.update"]
[debug] [2026-02-01T15:54:24.594Z] Checked if tokens are valid: true, expires at: 1769962929619
[debug] [2026-02-01T15:54:24.595Z] Checked if tokens are valid: true, expires at: 1769962929619
[debug] [2026-02-01T15:54:24.595Z] >>> [apiv2][query] POST https://cloudresourcemanager.googleapis.com/v1/projects/passcpa-dev:testIamPermissions [none]
[debug] [2026-02-01T15:54:24.595Z] >>> [apiv2][(partial)header] POST https://cloudresourcemanager.googleapis.com/v1/projects/passcpa-dev:testIamPermissions x-goog-quota-user=projects/passcpa-dev
[debug] [2026-02-01T15:54:24.596Z] >>> [apiv2][body] POST https://cloudresourcemanager.googleapis.com/v1/projects/passcpa-dev:testIamPermissions {"permissions":["firebase.projects.get","firebasehosting.sites.update"]}
[debug] [2026-02-01T15:54:24.766Z] <<< [apiv2][status] POST https://cloudresourcemanager.googleapis.com/v1/projects/passcpa-dev:testIamPermissions 200
[debug] [2026-02-01T15:54:24.766Z] <<< [apiv2][body] POST https://cloudresourcemanager.googleapis.com/v1/projects/passcpa-dev:testIamPermissions {"permissions":["firebase.projects.get","firebasehosting.sites.update"]}
[debug] [2026-02-01T15:54:24.767Z] Checked if tokens are valid: true, expires at: 1769962929619
[debug] [2026-02-01T15:54:24.767Z] Checked if tokens are valid: true, expires at: 1769962929619
[debug] [2026-02-01T15:54:24.767Z] >>> [apiv2][query] GET https://firebase.googleapis.com/v1beta1/projects/passcpa-dev [none]
[debug] [2026-02-01T15:54:25.048Z] <<< [apiv2][status] GET https://firebase.googleapis.com/v1beta1/projects/passcpa-dev 200
[debug] [2026-02-01T15:54:25.048Z] <<< [apiv2][body] GET https://firebase.googleapis.com/v1beta1/projects/passcpa-dev {"projectId":"passcpa-dev","projectNumber":"1064460054399","displayName":"PassCPA Dev","name":"projects/passcpa-dev","resources":{"hostingSite":"passcpa-dev"},"state":"ACTIVE","etag":"1_d87497f2-aa9b-4aee-9606-b06638df5d2f"}
[info] 
[info] === Deploying to 'passcpa-dev'...
[info] 
[info] i  deploying hosting 
[debug] [2026-02-01T15:54:25.051Z] Checked if tokens are valid: true, expires at: 1769962929619
[debug] [2026-02-01T15:54:25.051Z] Checked if tokens are valid: true, expires at: 1769962929619
[debug] [2026-02-01T15:54:25.051Z] >>> [apiv2][query] POST https://firebasehosting.googleapis.com/v1beta1/projects/-/sites/passcpa-dev/versions [none]
[debug] [2026-02-01T15:54:25.051Z] >>> [apiv2][body] POST https://firebasehosting.googleapis.com/v1beta1/projects/-/sites/passcpa-dev/versions {"status":"CREATED","labels":{"deployment-tool":"cli-firebase"}}
[debug] [2026-02-01T15:54:25.525Z] <<< [apiv2][status] POST https://firebasehosting.googleapis.com/v1beta1/projects/-/sites/passcpa-dev/versions 200
[debug] [2026-02-01T15:54:25.525Z] <<< [apiv2][body] POST https://firebasehosting.googleapis.com/v1beta1/projects/-/sites/passcpa-dev/versions {"name":"projects/1064460054399/sites/passcpa-dev/versions/cc8daed2770c4e13","status":"CREATED","config":{},"labels":{"deployment-tool":"cli-firebase"}}
[info] i  hosting[passcpa-dev]: beginning deploy... 
[info] i  hosting[passcpa-dev]: found 125 files in dist 
[debug] [2026-02-01T15:54:25.541Z] [hosting] uploading with 200 concurrency
[debug] [2026-02-01T15:54:25.813Z] Checked if tokens are valid: true, expires at: 1769962929619
[debug] [2026-02-01T15:54:25.813Z] Checked if tokens are valid: true, expires at: 1769962929619
[debug] [2026-02-01T15:54:25.814Z] [hosting] hash cache [ZGlzdA] stored for 125 files
[debug] [2026-02-01T15:54:25.814Z] [hosting][hash queue][FINAL] {"max":266,"min":14,"avg":36.008,"active":0,"complete":125,"success":125,"errored":0,"retried":0,"total":125,"elapsed":271}
[debug] [2026-02-01T15:54:25.814Z] >>> [apiv2][query] POST https://firebasehosting.googleapis.com/v1beta1/projects/1064460054399/sites/passcpa-dev/versions/cc8daed2770c4e13:populateFiles [none]
[debug] [2026-02-01T15:54:25.814Z] >>> [apiv2][body] POST https://firebasehosting.googleapis.com/v1beta1/projects/1064460054399/sites/passcpa-dev/versions/cc8daed2770c4e13:populateFiles {"files":{"/sw.js":"fd9626b697db84fc87b360f96ebadd26b3e3b5f20a98904c5212ca219c2b127f","/sw.js.map":"9e7539401e4f6eb11d488f6fd87aa0ce6f9f7b5471fd42bd2819a944e3f2f42d","/sitemap.xml":"457333c2769d9cb136f01dd1ac99172156f8f844f65ead42fe137f59c03831eb","/robots.txt":"fd8e321d5c417edc5f156ebc22cdcedd5b581d799c5e769837337077c761c2f4","/workbox-202800e1.js":"cbda18535e59e002c97fc4326c51aecb5f17df67e291f1863a769415707fdc49","/pwa-192x192.png":"e64c6396557a307841da9221f572fdc6d2a2b4e0f2fa4eb15c12c593c3be3f85","/og-image.svg":"219959cbf2df0e3eb0597e7e7a4029d7f3bc391141b6863df12c02bbb3014063","/manifest.webmanifest":"379ba570566757c89e49412b74e99c1ca8761727a64496283c8c9ec11080d744","/offline.html":"403762ad0a8c60541e06aff7471af569f78fa7bb099eef44b8056935303eca4d","/logo.svg":"67356082786745633908593bbfc4210fa8d31fb862a1be275640c0ea2a8564aa","/logo-white.svg":"8c95b4a606376b17193387e587ba2f06bf7f434786ab07339e7a7a6527454aeb","/logo-icon.svg":"3fa58134e266a8260a00dd4038846e8991b9ba917ebc23096b2e64b75f943e02","/index.html":"704db086b7b86fea8da44f89cbf2ab1eccac67dac275061bd3fc974bc96cd6f8","/favicon.svg":"dd9b0a67f35b6744b98812ea10e612c833e8bdc1b28829c046893d1ac1472c28","/firebase-messaging-sw.js":"59c67f1a31fd73196334d5ac50fd82c15d434c8d6e18cb75c0dd40e425caf7f8","/apple-touch-icon.png":"c97c41b7c394c9e914530695c612d27f2c4109215be1069e40f33a83586b24d5","/assets/workbox-window.prod.es5-vqzQaGvo.js":"77466729071dff136514ad7ffc41d99603a36186b5ed1ae7d9cbbcb4f27ba716","/assets/web-vitals-xphS3Uu5.js":"9da2525267005260daaddb1d01cc5846bdbefa7d986111f5d3894c1bf805a9f9","/assets/web-Cab5gpL3.js.map":"6470948daec77d23a4c0b5d8b7a3a01e7ef6422e60dcf5f9c8ac672c37748154","/assets/workbox-window.prod.es5-vqzQaGvo.js.map":"65cdf4cb8fa4dbdf91e48faeba32dcaf2f3e10476d96ade7069cd04d2e037a9f","/assets/web-Cab5gpL3.js":"15b0383408f967b4ae0d6effeede656f4f2b13da0e60ed92fcbf44777d2a1582","/assets/web-vitals-xphS3Uu5.js.map":"561a36427348c60441221823c121b857359f23df07cc0d3cb828e36f6324d840","/assets/vendor-ui-CqM7Ap_7.js":"5e88fe3e36e46383197ba35e569a5a3b215caacb6049a507707b33cc67ea0665","/assets/vendor-charts-CKk6OWEv.js.map":"fb39e8c2c85e34ffc2c4614a2930e3f714f92219321ae9e063bc25a9ae750f1c","/assets/vendor-charts-CKk6OWEv.js":"713a132d0c4ec07ba38aa4ac599530b450386e53b9efdbc2b608b1693ab8f596","/assets/useKeyboardNavigation-BQC1ZBq3.js":"781c650cc38db6033c9c91027cb6852666982a1d079e212e1f46728955a66a5a","/assets/useKeyboardNavigation-BQC1ZBq3.js.map":"f2ced1c6ff342a9dae54ef6f0cb0734bbe41ce338ab19d38d265f4e0ec2b41b1","/assets/questionService-DPp_OHiN.js":"56b732844e58b0f973358cfb14e3fdfec884cebcd38a4db491325c20c30eb251","/assets/questionService-DPp_OHiN.js.map":"6c0a271b1b4b0502f16c093330d11112e85fd8e5a56637895795ba58bf72c733","/assets/lessonService-BoFeZcVa.js":"f0e2b9dc9a24f297d3409254dcfcde2e76f067cd8ed8f18141ab373c3d3b7547","/assets/lessonService-BoFeZcVa.js.map":"a5c0b271a6839c3b4dcdb13f9aa5824297bf8bd5c32a4f7f5284a60f7287c541","/assets/index-DiCem38O.js.map":"0ca809f92a2d27da3f0d60ddfa1871b5211c2e379d02abb2a12119d32d663bd5","/assets/index-DiCem38O.js":"b30e7ccb57dc939666f0957d1b82ca44824c268ef9b589095b3fe20beb4d799e","/assets/index-BNCVrnjw.js":"b5a96f15225fe63aa014752700af5131fc4dae49935bcf7ad3297aad0cb0cb30","/assets/index-DRs55il4.js":"5b194e502beecbede08a1a8f05115ad520cd4fea9de0c8caccb3a4bfbf4cdcbe","/pwa-512x512.png":"8004509da19d231721acaa19506e7ba1537dd81bc03ab7742e4b6a3f931bab4d","/assets/index-DRs55il4.js.map":"020be03d72912ef460dc61550f3bac3f2cae2c8191aa235e3f0bac442d48001a","/assets/feedback-GTauN4H_.js":"a158ae05746cc2bce6990869fb9212e7b815db0ff0bea0601c68c3edb08aa72f","/assets/feedback-GTauN4H_.js.map":"e5fe411887ac71a47fe39a2a374d08f645441751027fbf278b258aeb26060a3b","/assets/feature-admin-seed-BqiTWUNe.js.map":"d4c5f34f75ffce6a7e6d723fbb046e638dec3b5cefe675540ccab182c1d7b38f","/assets/feature-admin-seed-BqiTWUNe.js":"7002933aec4ab361fda1839c6667c6f3db34432a5980f2cacc1a7cc57d37c06a","/assets/feature-admin-cms-4CwZfbeT.js":"3725e4a5a13c3482b67b574004120a9eb6aee4478c7e2aec414b1dd88ed935f9","/assets/examReadiness-p4CFiUEi.js":"6c75865b440cc392d69c66057974a3f69f699fa90af20d0d843048e8f6b8e976","/assets/examReadiness-p4CFiUEi.js.map":"6a5bab7f5842aa161aa6c9063e04ccf56e3d129548c1a76e3f79b12ccbeedf5f","/assets/You-C2AanSC3.js":"acbcd9c18a24dfe52e7032bf99e002dbb3883d2aea84623ee388c816161ff161","/assets/feature-admin-cms-4CwZfbeT.js.map":"d2f47073e278b38053e86d0f55d068604a45a7f43624386ed61c239e8146469d","/assets/You-C2AanSC3.js.map":"3dadb1976e24662bc9d93b3e6bfcf6f2cce634bd82e505f0dd3cfe67be2568f7","/assets/WCEditor-BfRK5y2p.js":"97d092827fae8eb52fb524c97b43375d0d49366bec693d1e3c23e486d6a187fd","/assets/WCEditor-BfRK5y2p.js.map":"b7948ecf97dde98d53839e5e8c5edaef8f2a8d1978efa2bed1010a2a366d02b4","/assets/TimedQuiz-BDwyC662.js":"435aaafcda4c34017152d502960f615b3498eed417441aedcbf7bb7a08e92f2d","/assets/index-OVYKLqga.css":"34d2a313ca6029ba5a81ed6860808d1c9b46b50c87ef7f7c62d6674fc805a3b6","/assets/Terms-5K25031m.js.map":"affe74b5627e2cb58fb35aee099d225d6a32e737d396a0882f20bb34b4ffd6ae","/assets/Terms-5K25031m.js":"fbce793e2cfcff68f7b843922b44eb884555a8116419447989b2284ffa0dc55f","/assets/TBSEditor-LjXNAKlM.js":"8d508862c5a857532a97bd3c0ddbea1aae39ff8d50f03eba810ef4de2f1d84bc","/assets/TimedQuiz-BDwyC662.js.map":"f055d38faddf309006db6479b11c4a76978a73f421fcad6d03ddb1a11baa8139","/assets/Study-B18QpJMh.js":"7aadc248d566159120efaceffbdb51f861e0a75a8053b84cc17b2ae5eea17cfd","/assets/TBSEditor-LjXNAKlM.js.map":"d4198f7712676cec75fe93e3b7a9f47252d77ddd5f71d8d89182a8276b8e5b1c","/assets/Study-B18QpJMh.js.map":"282aed1d8ce3683022dd4416e649736a0eb8e846a6e88ba9a6cd7a68ee7a804f","/assets/Settings-B5eGPEwG.js":"1a3690066acf4e2b30cdc467e8b1ef14478f976715d1c5926e9a8510557a83a1","/assets/Register-Bj5qagQl.js":"19ae25c31f5689e141410f8f7d86aa4396ab25aeecf0ed4b8fc0d42b93c81525","/assets/Register-Bj5qagQl.js.map":"dd3cd6be7284a2f951e62aa5fcfa5cbb86d891e598dec76621ad057e2317904e","/assets/QuestionEditor-Ce33oAOd.js.map":"6c36f0a7a8a36a6ef379b0b2f97d9dd16665eb80ac947f4940985382a3c5a840","/assets/QuestionEditor-Ce33oAOd.js":"6efc6b93e177ae7a6e43ee7f8769d62ec9cdfa924653ef1663959e37feb062db","/assets/Settings-B5eGPEwG.js.map":"571ef4be2a57b5098fbe7460a3802fd9d28049ba70f4b5352b5652b277d44720","/assets/Progress-FRdwnKpK.js.map":"5b9c9d585a6428e2490064d659f1d783831153887541d22148f3d92664c2f59f","/assets/feature-ai-D-D20p3K.js":"795111dc7f65239075320485c52304cc86abef4e000fb58b994ee7725487d44a","/assets/Progress-FRdwnKpK.js":"a75727f3011b76b62f1000b4abe6a3bd34d80f01f5abaa5f10e3053498e9132c","/assets/index-YoKNrKKx.js":"dc7ee6f08f0d9a54d7cf717b0935b47757a20e066393599851154258f016c7c6","/assets/Privacy-DiiOoS9j.js.map":"c45f1bdd2fb59b357efcf0e3047107c694cbb4ce652c7b5715eaaa06153d1240","/assets/index-BNCVrnjw.js.map":"e35c302c9e20fd8171d59a43c8c63ccbec4305425c77071a092f5ac0f4e511b4","/assets/vendor-ui-CqM7Ap_7.js.map":"20237ccfeb3f93539ff4c003eb573e343a81d1545971e1cb5f63a6a85b11907b","/assets/Privacy-DiiOoS9j.js":"74e12036378a5d7ae80c1c36369d7ca79f62787a9ca50bbdd40c4b4e260a4b83","/assets/vendor-react-BcQLfy1G.js":"328bd931d09e9a1827a7843a1b8bd2a980da06857c4c5af2762f32c9bfece605","/workbox-202800e1.js.map":"d11682c83a6d6458a944d22e2e7d268474dd3169b8a036c6b9618b1a5c8c7d24","/assets/Pricing-qJb46o70.js.map":"170c0fcbee26230af74639e8ed411898b10907424a89572c7d986a2313e68a5e","/assets/Pricing-qJb46o70.js":"8f6b880f4a00faae6d553a47caceaf3740f96e9ea91ce495ed923be480a29743","/assets/index-YoKNrKKx.js.map":"5b4b7b96c9bb64c1955e47f8f94b0195fbc917810ee6d1ec4ff0132226bcb195","/assets/Practice-BFuX1YYA.js":"3523a8aacd30642e9edf1e295f4833f2c4d52d905815ccec41ca6faf93fa7bf4","/assets/Onboarding-mqvks0gN.js.map":"a23e3be498b95dbea21041d21ad7ff16d49c213f942f11262e6d6adac89ee2db","/assets/Onboarding-mqvks0gN.js":"05feb6cb4073286303d0c4a55038e0cc6801739359a874013bc13470a07615ce","/assets/Login-B5gTzWvg.js.map":"8b7cda6049a07da67a5329cae80ff61c4052b7c1c6e536bbcc38baf3dff680f6","/assets/Login-B5gTzWvg.js":"38809dec9fcf5ad7e0bb3bdd5ec1a10d805f9f7ca87b9e2d61fc4712ef184411","/assets/Lessons-FLQyLrGc.js":"cc06a5f21534fb9e01eca59d93779810666c9810970237af8fe3f019a1b92a17","/assets/Lessons-FLQyLrGc.js.map":"bf7fb09b623de1b89156b2cc10feabf6b14007c2c7469fc8970d9bcb51b91603","/assets/LessonViewer-DEmX_7R0.js":"1d8086913be79656a2c0bb85fcf448a6ed18d7e577e84071d6ca8f689c44e99d","/assets/LessonViewer-DEmX_7R0.js.map":"93e858b4b9aa78741a1af0a7c170355e27d24623f7d84ef9118c02e23619dbce","/assets/LessonEditor-7cAmqizH.js":"ae9ba8bd02a4c08ae30c0fa709e681d51495af6b547eaebb696e9970ad329e88","/assets/feature-tbs-Cjaps8T7.js":"39f7ab0481c1faf214d4e70501c0f97bb2057920cafa9bb6df531cafc023696c","/assets/LessonEditor-7cAmqizH.js.map":"952961b8e5082be21da6ec59dd464204fc524f6d191762bbbf28ed689d48f625","/assets/Landing-izEX3-6-.js":"68d3aafc6bd47d3f688f494136b0efe67f9daa55b91256b6bcc5cec15e6430bd","/assets/Home-5_DyYX-H.js.map":"c20f08023e8390ba50b91eae3c912dda5caab0456dccf1f17e89fa781b5faefe","/assets/Home-5_DyYX-H.js":"23168f6b80f6b1edd3d4fabf2a071e9b4e6bfef05d2f7cfe2e78a93f7630c862","/assets/HelpLegal-CLvw5GRw.js.map":"b3e2bf4a4f3948eb64837521a813d4063caa48f4eef19196963b383655f48019","/assets/HelpLegal-CLvw5GRw.js":"07a3f5bc238ece17de7e9513b4420e02188da803d702f47d5fb9a23e1db0a8d6","/assets/ForgotPassword-C2tGxJSa.js":"861cb111b4c5399eece0b6278de7064f68747f5882bc994f1941acc2dca2d525","/assets/ForgotPassword-C2tGxJSa.js.map":"f91b452651e7d4d07c923e37933fcae92441f10a893b725387ebcf325ec52901","/assets/Flashcards-6g8qF8H4.js":"c5e0d6d5b4e3f8e93b334784202eb5a0852ffdad2bc0e79bbad41c2efc2633b9","/assets/ExamSimulator-0VJk3Y_Q.js":"c621da3bdfa43cac718af75acac8c007d24abc62c31ddc187ce107774ee7f54f","/assets/Landing-izEX3-6-.js.map":"86b3e0bd4adffc0de13353da7bf47ad60bf1520312db97b6e90e9ab53ec41659","/assets/Flashcards-6g8qF8H4.js.map":"05c19cafd852126cd76117f8ad3edd749789d0cd57e44592776accd6cccb19c8","/assets/Dashboard-CiUxXur4.js.map":"816d7538e4965b2158e2faa16f97e5575c56b8d20a276c7fc05407194e61970c","/assets/ExamSimulator-0VJk3Y_Q.js.map":"b861915cc99b3d1f73432e44a972d2b83b48716e6232e4535b652b659056f5f1","/assets/Dashboard-CiUxXur4.js":"424255fc83fcc07f8a8f3005f2b76bbe7ae9cf05a3fb7eadc3aa7834f2ce64dd","/assets/feature-ai-D-D20p3K.js.map":"f58bc7032e548f0e158b776a6b14f620430ddef1b460acb1a4c2da8d87d8d87c","/assets/LessonMatrix-mGJ54JQO.js":"1545f9079fc90241084e28f25ccb53b4699f79904541b6dd3469891b819871cb","/assets/DailyPlanCard-42xLc6PG.js.map":"90ea0ed813242e0efc595489f292e754b510c34f6979f3cb51ac9dbb5346cf34","/assets/DailyPlanCard-42xLc6PG.js":"5e1b6d3d9799950c198b2d3c28db908b7f4593f34efafa72dfa557ceeb9b86f2","/assets/Bookmarks-DNLoRIyA.js.map":"7da19995189391b5a618da430997aa93dad6d538a84b78be741116f453f489c8","/og-image.png":"a872567e68b61b23c01bc92cb0bc8e0baed442417dda6ebc80bf6cab7fd1a89c","/assets/Bookmarks-DNLoRIyA.js":"060a7577bcde6ac0b9735cb3c19539a7d1a56217f6640bea52b128574942261b","/assets/Practice-BFuX1YYA.js.map":"df682941bee8b5c40a7f54ab15a4799d902e93b6078268ba8d641581b0b86982","/assets/Achievements-BzhZDmCW.js.map":"29e5828d50ae681daa983dcc2b55121362a03d254a22785d03175c8686170b2f","/assets/Achievements-BzhZDmCW.js":"d1284c173b9198de1a77b7b076fb8c47d504bbed2c047f27e3af22f91ddba164","/animations/t-account-demo.html":"40bc66b9ba39ac33fbdbec3a2eeb9c71126aa5c4cf3bbd0be4d6ccced98bbdd2","/animations/lease-classification-demo.html":"df55a3f140f99cbada9b855e4fe65759a334f31f4a622d1f942e3db183869d0a","/animations/journal-entry-demo.html":"7b4f861df5f38e87451c99231e242f0e39f7ad7998f09755b18b0caa2a308f1b","/assets/LessonMatrix-mGJ54JQO.js.map":"813d101d60f16ab3d02503c65c576e4a427a24b62b16668100530e03e0888f57","/assets/vendor-firebase-D9SQ6erL.js":"b957b050e5587a7ef68f2bd65171a235b9a962de7b3e341cbed46b6d0e518d10","/assets/feature-tbs-Cjaps8T7.js.map":"51fcfcb1dee30355cde5a22dd56aa3b5e7bd3e359b7dd57a8bc0a5037678103f","/assets/index-B82PGlTg.js":"37f406a959428e4e59662db4778a579780f3da1c79f80995ab247842cc847fa1","/assets/vendor-react-BcQLfy1G.js.map":"5f18dc56e290f59bb15d7369f3a33d958fb7f0c26e4ad8e951fa4db0213adf38","/assets/index-q8Uho5IB.js":"d4bcdcbd527726d4d4befe8dbe5e2c63b518b409546dc2f0d613bdf070bd1226","/assets/index-q8Uho5IB.js.map":"fbb88bef4b31468489a745cc17fef92d9d566d62415df3ac869e0e2736195d68","/assets/index-B82PGlTg.js.map":"5c94c064e788239643f35c7acd1f0ef6c0b87198d21fb5f20ffb1632fb75a321","/assets/vendor-firebase-D9SQ6erL.js.map":"3c3719c25a6f20887021692ba006d879bc486c6cc27cd79a5ac5c9a3ba94bfee"}}
[debug] [2026-02-01T15:54:26.065Z] <<< [apiv2][status] POST https://firebasehosting.googleapis.com/v1beta1/projects/1064460054399/sites/passcpa-dev/versions/cc8daed2770c4e13:populateFiles 200
[debug] [2026-02-01T15:54:26.065Z] <<< [apiv2][body] POST https://firebasehosting.googleapis.com/v1beta1/projects/1064460054399/sites/passcpa-dev/versions/cc8daed2770c4e13:populateFiles {"uploadRequiredHashes":["f0e2b9dc9a24f297d3409254dcfcde2e76f067cd8ed8f18141ab373c3d3b7547","cc06a5f21534fb9e01eca59d93779810666c9810970237af8fe3f019a1b92a17","fd9626b697db84fc87b360f96ebadd26b3e3b5f20a98904c5212ca219c2b127f","e35c302c9e20fd8171d59a43c8c63ccbec4305425c77071a092f5ac0f4e511b4","bf7fb09b623de1b89156b2cc10feabf6b14007c2c7469fc8970d9bcb51b91603","23168f6b80f6b1edd3d4fabf2a071e9b4e6bfef05d2f7cfe2e78a93f7630c862","90ea0ed813242e0efc595489f292e754b510c34f6979f3cb51ac9dbb5346cf34","a75727f3011b76b62f1000b4abe6a3bd34d80f01f5abaa5f10e3053498e9132c","ae9ba8bd02a4c08ae30c0fa709e681d51495af6b547eaebb696e9970ad329e88","1d8086913be79656a2c0bb85fcf448a6ed18d7e577e84071d6ca8f689c44e99d","8f6b880f4a00faae6d553a47caceaf3740f96e9ea91ce495ed923be480a29743","952961b8e5082be21da6ec59dd464204fc524f6d191762bbbf28ed689d48f625","1a3690066acf4e2b30cdc467e8b1ef14478f976715d1c5926e9a8510557a83a1","571ef4be2a57b5098fbe7460a3802fd9d28049ba70f4b5352b5652b277d44720","3523a8aacd30642e9edf1e295f4833f2c4d52d905815ccec41ca6faf93fa7bf4","b5a96f15225fe63aa014752700af5131fc4dae49935bcf7ad3297aad0cb0cb30","a5c0b271a6839c3b4dcdb13f9aa5824297bf8bd5c32a4f7f5284a60f7287c541","1545f9079fc90241084e28f25ccb53b4699f79904541b6dd3469891b819871cb","704db086b7b86fea8da44f89cbf2ab1eccac67dac275061bd3fc974bc96cd6f8","424255fc83fcc07f8a8f3005f2b76bbe7ae9cf05a3fb7eadc3aa7834f2ce64dd","5b9c9d585a6428e2490064d659f1d783831153887541d22148f3d92664c2f59f","acbcd9c18a24dfe52e7032bf99e002dbb3883d2aea84623ee388c816161ff161","282aed1d8ce3683022dd4416e649736a0eb8e846a6e88ba9a6cd7a68ee7a804f","c20f08023e8390ba50b91eae3c912dda5caab0456dccf1f17e89fa781b5faefe","9e7539401e4f6eb11d488f6fd87aa0ce6f9f7b5471fd42bd2819a944e3f2f42d","5e1b6d3d9799950c198b2d3c28db908b7f4593f34efafa72dfa557ceeb9b86f2","816d7538e4965b2158e2faa16f97e5575c56b8d20a276c7fc05407194e61970c","fbb88bef4b31468489a745cc17fef92d9d566d62415df3ac869e0e2736195d68","170c0fcbee26230af74639e8ed411898b10907424a89572c7d986a2313e68a5e","7aadc248d566159120efaceffbdb51f861e0a75a8053b84cc17b2ae5eea17cfd","d4bcdcbd527726d4d4befe8dbe5e2c63b518b409546dc2f0d613bdf070bd1226","813d101d60f16ab3d02503c65c576e4a427a24b62b16668100530e03e0888f57","93e858b4b9aa78741a1af0a7c170355e27d24623f7d84ef9118c02e23619dbce","3dadb1976e24662bc9d93b3e6bfcf6f2cce634bd82e505f0dd3cfe67be2568f7","df682941bee8b5c40a7f54ab15a4799d902e93b6078268ba8d641581b0b86982"],"uploadUrl":"https://upload-firebasehosting.googleapis.com/upload/sites/passcpa-dev/versions/cc8daed2770c4e13/files"}
[debug] [2026-02-01T15:54:26.066Z] Checked if tokens are valid: true, expires at: 1769962929619
[debug] [2026-02-01T15:54:26.066Z] Checked if tokens are valid: true, expires at: 1769962929619
[debug] [2026-02-01T15:54:26.066Z] Checked if tokens are valid: true, expires at: 1769962929619
[debug] [2026-02-01T15:54:26.066Z] Checked if tokens are valid: true, expires at: 1769962929619
[debug] [2026-02-01T15:54:26.066Z] Checked if tokens are valid: true, expires at: 1769962929619
[debug] [2026-02-01T15:54:26.066Z] Checked if tokens are valid: true, expires at: 1769962929619
[debug] [2026-02-01T15:54:26.067Z] Checked if tokens are valid: true, expires at: 1769962929619
[debug] [2026-02-01T15:54:26.067Z] Checked if tokens are valid: true, expires at: 1769962929619
[debug] [2026-02-01T15:54:26.067Z] Checked if tokens are valid: true, expires at: 1769962929619
[debug] [2026-02-01T15:54:26.067Z] Checked if tokens are valid: true, expires at: 1769962929619
[debug] [2026-02-01T15:54:26.067Z] Checked if tokens are valid: true, expires at: 1769962929619
[debug] [2026-02-01T15:54:26.067Z] Checked if tokens are valid: true, expires at: 1769962929619
[debug] [2026-02-01T15:54:26.067Z] Checked if tokens are valid: true, expires at: 1769962929619
[debug] [2026-02-01T15:54:26.067Z] Checked if tokens are valid: true, expires at: 1769962929619
[debug] [2026-02-01T15:54:26.067Z] Checked if tokens are valid: true, expires at: 1769962929619
[debug] [2026-02-01T15:54:26.067Z] Checked if tokens are valid: true, expires at: 1769962929619
[debug] [2026-02-01T15:54:26.068Z] Checked if tokens are valid: true, expires at: 1769962929619
[debug] [2026-02-01T15:54:26.068Z] Checked if tokens are valid: true, expires at: 1769962929619
[debug] [2026-02-01T15:54:26.068Z] Checked if tokens are valid: true, expires at: 1769962929619
[debug] [2026-02-01T15:54:26.068Z] Checked if tokens are valid: true, expires at: 1769962929619
[debug] [2026-02-01T15:54:26.068Z] Checked if tokens are valid: true, expires at: 1769962929619
[debug] [2026-02-01T15:54:26.068Z] Checked if tokens are valid: true, expires at: 1769962929619
[debug] [2026-02-01T15:54:26.068Z] Checked if tokens are valid: true, expires at: 1769962929619
[debug] [2026-02-01T15:54:26.068Z] Checked if tokens are valid: true, expires at: 1769962929619
[debug] [2026-02-01T15:54:26.068Z] Checked if tokens are valid: true, expires at: 1769962929619
[debug] [2026-02-01T15:54:26.068Z] Checked if tokens are valid: true, expires at: 1769962929619
[debug] [2026-02-01T15:54:26.068Z] Checked if tokens are valid: true, expires at: 1769962929619
[debug] [2026-02-01T15:54:26.068Z] Checked if tokens are valid: true, expires at: 1769962929619
[debug] [2026-02-01T15:54:26.069Z] Checked if tokens are valid: true, expires at: 1769962929619
[debug] [2026-02-01T15:54:26.069Z] Checked if tokens are valid: true, expires at: 1769962929619
[debug] [2026-02-01T15:54:26.069Z] Checked if tokens are valid: true, expires at: 1769962929619
[debug] [2026-02-01T15:54:26.069Z] Checked if tokens are valid: true, expires at: 1769962929619
[debug] [2026-02-01T15:54:26.069Z] Checked if tokens are valid: true, expires at: 1769962929619
[debug] [2026-02-01T15:54:26.069Z] Checked if tokens are valid: true, expires at: 1769962929619
[debug] [2026-02-01T15:54:26.069Z] Checked if tokens are valid: true, expires at: 1769962929619
[debug] [2026-02-01T15:54:26.069Z] Checked if tokens are valid: true, expires at: 1769962929619
[debug] [2026-02-01T15:54:26.069Z] Checked if tokens are valid: true, expires at: 1769962929619
[debug] [2026-02-01T15:54:26.069Z] Checked if tokens are valid: true, expires at: 1769962929619
[debug] [2026-02-01T15:54:26.069Z] Checked if tokens are valid: true, expires at: 1769962929619
[debug] [2026-02-01T15:54:26.069Z] Checked if tokens are valid: true, expires at: 1769962929619
[debug] [2026-02-01T15:54:26.069Z] Checked if tokens are valid: true, expires at: 1769962929619
[debug] [2026-02-01T15:54:26.069Z] Checked if tokens are valid: true, expires at: 1769962929619
[debug] [2026-02-01T15:54:26.070Z] Checked if tokens are valid: true, expires at: 1769962929619
[debug] [2026-02-01T15:54:26.070Z] Checked if tokens are valid: true, expires at: 1769962929619
[debug] [2026-02-01T15:54:26.070Z] Checked if tokens are valid: true, expires at: 1769962929619
[debug] [2026-02-01T15:54:26.070Z] Checked if tokens are valid: true, expires at: 1769962929619
[debug] [2026-02-01T15:54:26.070Z] Checked if tokens are valid: true, expires at: 1769962929619
[debug] [2026-02-01T15:54:26.070Z] Checked if tokens are valid: true, expires at: 1769962929619
[debug] [2026-02-01T15:54:26.070Z] Checked if tokens are valid: true, expires at: 1769962929619
[debug] [2026-02-01T15:54:26.070Z] Checked if tokens are valid: true, expires at: 1769962929619
[debug] [2026-02-01T15:54:26.070Z] Checked if tokens are valid: true, expires at: 1769962929619
[debug] [2026-02-01T15:54:26.070Z] Checked if tokens are valid: true, expires at: 1769962929619
[debug] [2026-02-01T15:54:26.070Z] Checked if tokens are valid: true, expires at: 1769962929619
[debug] [2026-02-01T15:54:26.070Z] Checked if tokens are valid: true, expires at: 1769962929619
[debug] [2026-02-01T15:54:26.070Z] Checked if tokens are valid: true, expires at: 1769962929619
[debug] [2026-02-01T15:54:26.070Z] Checked if tokens are valid: true, expires at: 1769962929619
[debug] [2026-02-01T15:54:26.071Z] Checked if tokens are valid: true, expires at: 1769962929619
[debug] [2026-02-01T15:54:26.071Z] Checked if tokens are valid: true, expires at: 1769962929619
[debug] [2026-02-01T15:54:26.071Z] Checked if tokens are valid: true, expires at: 1769962929619
[debug] [2026-02-01T15:54:26.071Z] Checked if tokens are valid: true, expires at: 1769962929619
[debug] [2026-02-01T15:54:26.071Z] Checked if tokens are valid: true, expires at: 1769962929619
[debug] [2026-02-01T15:54:26.071Z] Checked if tokens are valid: true, expires at: 1769962929619
[debug] [2026-02-01T15:54:26.071Z] Checked if tokens are valid: true, expires at: 1769962929619
[debug] [2026-02-01T15:54:26.071Z] Checked if tokens are valid: true, expires at: 1769962929619
[debug] [2026-02-01T15:54:26.071Z] Checked if tokens are valid: true, expires at: 1769962929619
[debug] [2026-02-01T15:54:26.071Z] Checked if tokens are valid: true, expires at: 1769962929619
[debug] [2026-02-01T15:54:26.071Z] Checked if tokens are valid: true, expires at: 1769962929619
[debug] [2026-02-01T15:54:26.071Z] Checked if tokens are valid: true, expires at: 1769962929619
[debug] [2026-02-01T15:54:26.072Z] Checked if tokens are valid: true, expires at: 1769962929619
[debug] [2026-02-01T15:54:26.072Z] Checked if tokens are valid: true, expires at: 1769962929619
[debug] [2026-02-01T15:54:26.072Z] >>> [apiv2][query] POST https://upload-firebasehosting.googleapis.com/upload/sites/passcpa-dev/versions/cc8daed2770c4e13/files/f0e2b9dc9a24f297d3409254dcfcde2e76f067cd8ed8f18141ab373c3d3b7547 [none]
[debug] [2026-02-01T15:54:26.072Z] >>> [apiv2][body] POST https://upload-firebasehosting.googleapis.com/upload/sites/passcpa-dev/versions/cc8daed2770c4e13/files/f0e2b9dc9a24f297d3409254dcfcde2e76f067cd8ed8f18141ab373c3d3b7547 [stream]
[debug] [2026-02-01T15:54:26.073Z] >>> [apiv2][query] POST https://upload-firebasehosting.googleapis.com/upload/sites/passcpa-dev/versions/cc8daed2770c4e13/files/cc06a5f21534fb9e01eca59d93779810666c9810970237af8fe3f019a1b92a17 [none]
[debug] [2026-02-01T15:54:26.073Z] >>> [apiv2][body] POST https://upload-firebasehosting.googleapis.com/upload/sites/passcpa-dev/versions/cc8daed2770c4e13/files/cc06a5f21534fb9e01eca59d93779810666c9810970237af8fe3f019a1b92a17 [stream]
[debug] [2026-02-01T15:54:26.074Z] >>> [apiv2][query] POST https://upload-firebasehosting.googleapis.com/upload/sites/passcpa-dev/versions/cc8daed2770c4e13/files/fd9626b697db84fc87b360f96ebadd26b3e3b5f20a98904c5212ca219c2b127f [none]
[debug] [2026-02-01T15:54:26.074Z] >>> [apiv2][body] POST https://upload-firebasehosting.googleapis.com/upload/sites/passcpa-dev/versions/cc8daed2770c4e13/files/fd9626b697db84fc87b360f96ebadd26b3e3b5f20a98904c5212ca219c2b127f [stream]
[debug] [2026-02-01T15:54:26.075Z] >>> [apiv2][query] POST https://upload-firebasehosting.googleapis.com/upload/sites/passcpa-dev/versions/cc8daed2770c4e13/files/e35c302c9e20fd8171d59a43c8c63ccbec4305425c77071a092f5ac0f4e511b4 [none]
[debug] [2026-02-01T15:54:26.075Z] >>> [apiv2][body] POST https://upload-firebasehosting.googleapis.com/upload/sites/passcpa-dev/versions/cc8daed2770c4e13/files/e35c302c9e20fd8171d59a43c8c63ccbec4305425c77071a092f5ac0f4e511b4 [stream]
[debug] [2026-02-01T15:54:26.076Z] >>> [apiv2][query] POST https://upload-firebasehosting.googleapis.com/upload/sites/passcpa-dev/versions/cc8daed2770c4e13/files/bf7fb09b623de1b89156b2cc10feabf6b14007c2c7469fc8970d9bcb51b91603 [none]
[debug] [2026-02-01T15:54:26.076Z] >>> [apiv2][body] POST https://upload-firebasehosting.googleapis.com/upload/sites/passcpa-dev/versions/cc8daed2770c4e13/files/bf7fb09b623de1b89156b2cc10feabf6b14007c2c7469fc8970d9bcb51b91603 [stream]
[debug] [2026-02-01T15:54:26.076Z] >>> [apiv2][query] POST https://upload-firebasehosting.googleapis.com/upload/sites/passcpa-dev/versions/cc8daed2770c4e13/files/23168f6b80f6b1edd3d4fabf2a071e9b4e6bfef05d2f7cfe2e78a93f7630c862 [none]
[debug] [2026-02-01T15:54:26.076Z] >>> [apiv2][body] POST https://upload-firebasehosting.googleapis.com/upload/sites/passcpa-dev/versions/cc8daed2770c4e13/files/23168f6b80f6b1edd3d4fabf2a071e9b4e6bfef05d2f7cfe2e78a93f7630c862 [stream]
[debug] [2026-02-01T15:54:26.077Z] >>> [apiv2][query] POST https://upload-firebasehosting.googleapis.com/upload/sites/passcpa-dev/versions/cc8daed2770c4e13/files/90ea0ed813242e0efc595489f292e754b510c34f6979f3cb51ac9dbb5346cf34 [none]
[debug] [2026-02-01T15:54:26.077Z] >>> [apiv2][body] POST https://upload-firebasehosting.googleapis.com/upload/sites/passcpa-dev/versions/cc8daed2770c4e13/files/90ea0ed813242e0efc595489f292e754b510c34f6979f3cb51ac9dbb5346cf34 [stream]
[debug] [2026-02-01T15:54:26.078Z] >>> [apiv2][query] POST https://upload-firebasehosting.googleapis.com/upload/sites/passcpa-dev/versions/cc8daed2770c4e13/files/a75727f3011b76b62f1000b4abe6a3bd34d80f01f5abaa5f10e3053498e9132c [none]
[debug] [2026-02-01T15:54:26.078Z] >>> [apiv2][body] POST https://upload-firebasehosting.googleapis.com/upload/sites/passcpa-dev/versions/cc8daed2770c4e13/files/a75727f3011b76b62f1000b4abe6a3bd34d80f01f5abaa5f10e3053498e9132c [stream]
[debug] [2026-02-01T15:54:26.079Z] >>> [apiv2][query] POST https://upload-firebasehosting.googleapis.com/upload/sites/passcpa-dev/versions/cc8daed2770c4e13/files/ae9ba8bd02a4c08ae30c0fa709e681d51495af6b547eaebb696e9970ad329e88 [none]
[debug] [2026-02-01T15:54:26.079Z] >>> [apiv2][body] POST https://upload-firebasehosting.googleapis.com/upload/sites/passcpa-dev/versions/cc8daed2770c4e13/files/ae9ba8bd02a4c08ae30c0fa709e681d51495af6b547eaebb696e9970ad329e88 [stream]
[debug] [2026-02-01T15:54:26.080Z] >>> [apiv2][query] POST https://upload-firebasehosting.googleapis.com/upload/sites/passcpa-dev/versions/cc8daed2770c4e13/files/1d8086913be79656a2c0bb85fcf448a6ed18d7e577e84071d6ca8f689c44e99d [none]
[debug] [2026-02-01T15:54:26.080Z] >>> [apiv2][body] POST https://upload-firebasehosting.googleapis.com/upload/sites/passcpa-dev/versions/cc8daed2770c4e13/files/1d8086913be79656a2c0bb85fcf448a6ed18d7e577e84071d6ca8f689c44e99d [stream]
[debug] [2026-02-01T15:54:26.080Z] >>> [apiv2][query] POST https://upload-firebasehosting.googleapis.com/upload/sites/passcpa-dev/versions/cc8daed2770c4e13/files/8f6b880f4a00faae6d553a47caceaf3740f96e9ea91ce495ed923be480a29743 [none]
[debug] [2026-02-01T15:54:26.080Z] >>> [apiv2][body] POST https://upload-firebasehosting.googleapis.com/upload/sites/passcpa-dev/versions/cc8daed2770c4e13/files/8f6b880f4a00faae6d553a47caceaf3740f96e9ea91ce495ed923be480a29743 [stream]
[debug] [2026-02-01T15:54:26.081Z] >>> [apiv2][query] POST https://upload-firebasehosting.googleapis.com/upload/sites/passcpa-dev/versions/cc8daed2770c4e13/files/952961b8e5082be21da6ec59dd464204fc524f6d191762bbbf28ed689d48f625 [none]
[debug] [2026-02-01T15:54:26.081Z] >>> [apiv2][body] POST https://upload-firebasehosting.googleapis.com/upload/sites/passcpa-dev/versions/cc8daed2770c4e13/files/952961b8e5082be21da6ec59dd464204fc524f6d191762bbbf28ed689d48f625 [stream]
[debug] [2026-02-01T15:54:26.082Z] >>> [apiv2][query] POST https://upload-firebasehosting.googleapis.com/upload/sites/passcpa-dev/versions/cc8daed2770c4e13/files/1a3690066acf4e2b30cdc467e8b1ef14478f976715d1c5926e9a8510557a83a1 [none]
[debug] [2026-02-01T15:54:26.082Z] >>> [apiv2][body] POST https://upload-firebasehosting.googleapis.com/upload/sites/passcpa-dev/versions/cc8daed2770c4e13/files/1a3690066acf4e2b30cdc467e8b1ef14478f976715d1c5926e9a8510557a83a1 [stream]
[debug] [2026-02-01T15:54:26.082Z] >>> [apiv2][query] POST https://upload-firebasehosting.googleapis.com/upload/sites/passcpa-dev/versions/cc8daed2770c4e13/files/571ef4be2a57b5098fbe7460a3802fd9d28049ba70f4b5352b5652b277d44720 [none]
[debug] [2026-02-01T15:54:26.082Z] >>> [apiv2][body] POST https://upload-firebasehosting.googleapis.com/upload/sites/passcpa-dev/versions/cc8daed2770c4e13/files/571ef4be2a57b5098fbe7460a3802fd9d28049ba70f4b5352b5652b277d44720 [stream]
[debug] [2026-02-01T15:54:26.083Z] >>> [apiv2][query] POST https://upload-firebasehosting.googleapis.com/upload/sites/passcpa-dev/versions/cc8daed2770c4e13/files/3523a8aacd30642e9edf1e295f4833f2c4d52d905815ccec41ca6faf93fa7bf4 [none]
[debug] [2026-02-01T15:54:26.083Z] >>> [apiv2][body] POST https://upload-firebasehosting.googleapis.com/upload/sites/passcpa-dev/versions/cc8daed2770c4e13/files/3523a8aacd30642e9edf1e295f4833f2c4d52d905815ccec41ca6faf93fa7bf4 [stream]
[debug] [2026-02-01T15:54:26.084Z] >>> [apiv2][query] POST https://upload-firebasehosting.googleapis.com/upload/sites/passcpa-dev/versions/cc8daed2770c4e13/files/b5a96f15225fe63aa014752700af5131fc4dae49935bcf7ad3297aad0cb0cb30 [none]
[debug] [2026-02-01T15:54:26.084Z] >>> [apiv2][body] POST https://upload-firebasehosting.googleapis.com/upload/sites/passcpa-dev/versions/cc8daed2770c4e13/files/b5a96f15225fe63aa014752700af5131fc4dae49935bcf7ad3297aad0cb0cb30 [stream]
[debug] [2026-02-01T15:54:26.084Z] >>> [apiv2][query] POST https://upload-firebasehosting.googleapis.com/upload/sites/passcpa-dev/versions/cc8daed2770c4e13/files/a5c0b271a6839c3b4dcdb13f9aa5824297bf8bd5c32a4f7f5284a60f7287c541 [none]
[debug] [2026-02-01T15:54:26.084Z] >>> [apiv2][body] POST https://upload-firebasehosting.googleapis.com/upload/sites/passcpa-dev/versions/cc8daed2770c4e13/files/a5c0b271a6839c3b4dcdb13f9aa5824297bf8bd5c32a4f7f5284a60f7287c541 [stream]
[debug] [2026-02-01T15:54:26.085Z] >>> [apiv2][query] POST https://upload-firebasehosting.googleapis.com/upload/sites/passcpa-dev/versions/cc8daed2770c4e13/files/1545f9079fc90241084e28f25ccb53b4699f79904541b6dd3469891b819871cb [none]
[debug] [2026-02-01T15:54:26.085Z] >>> [apiv2][body] POST https://upload-firebasehosting.googleapis.com/upload/sites/passcpa-dev/versions/cc8daed2770c4e13/files/1545f9079fc90241084e28f25ccb53b4699f79904541b6dd3469891b819871cb [stream]
[debug] [2026-02-01T15:54:26.086Z] >>> [apiv2][query] POST https://upload-firebasehosting.googleapis.com/upload/sites/passcpa-dev/versions/cc8daed2770c4e13/files/704db086b7b86fea8da44f89cbf2ab1eccac67dac275061bd3fc974bc96cd6f8 [none]
[debug] [2026-02-01T15:54:26.086Z] >>> [apiv2][body] POST https://upload-firebasehosting.googleapis.com/upload/sites/passcpa-dev/versions/cc8daed2770c4e13/files/704db086b7b86fea8da44f89cbf2ab1eccac67dac275061bd3fc974bc96cd6f8 [stream]
[debug] [2026-02-01T15:54:26.086Z] >>> [apiv2][query] POST https://upload-firebasehosting.googleapis.com/upload/sites/passcpa-dev/versions/cc8daed2770c4e13/files/424255fc83fcc07f8a8f3005f2b76bbe7ae9cf05a3fb7eadc3aa7834f2ce64dd [none]
[debug] [2026-02-01T15:54:26.086Z] >>> [apiv2][body] POST https://upload-firebasehosting.googleapis.com/upload/sites/passcpa-dev/versions/cc8daed2770c4e13/files/424255fc83fcc07f8a8f3005f2b76bbe7ae9cf05a3fb7eadc3aa7834f2ce64dd [stream]
[debug] [2026-02-01T15:54:26.087Z] >>> [apiv2][query] POST https://upload-firebasehosting.googleapis.com/upload/sites/passcpa-dev/versions/cc8daed2770c4e13/files/5b9c9d585a6428e2490064d659f1d783831153887541d22148f3d92664c2f59f [none]
[debug] [2026-02-01T15:54:26.087Z] >>> [apiv2][body] POST https://upload-firebasehosting.googleapis.com/upload/sites/passcpa-dev/versions/cc8daed2770c4e13/files/5b9c9d585a6428e2490064d659f1d783831153887541d22148f3d92664c2f59f [stream]
[debug] [2026-02-01T15:54:26.088Z] >>> [apiv2][query] POST https://upload-firebasehosting.googleapis.com/upload/sites/passcpa-dev/versions/cc8daed2770c4e13/files/acbcd9c18a24dfe52e7032bf99e002dbb3883d2aea84623ee388c816161ff161 [none]
[debug] [2026-02-01T15:54:26.088Z] >>> [apiv2][body] POST https://upload-firebasehosting.googleapis.com/upload/sites/passcpa-dev/versions/cc8daed2770c4e13/files/acbcd9c18a24dfe52e7032bf99e002dbb3883d2aea84623ee388c816161ff161 [stream]
[debug] [2026-02-01T15:54:26.088Z] >>> [apiv2][query] POST https://upload-firebasehosting.googleapis.com/upload/sites/passcpa-dev/versions/cc8daed2770c4e13/files/282aed1d8ce3683022dd4416e649736a0eb8e846a6e88ba9a6cd7a68ee7a804f [none]
[debug] [2026-02-01T15:54:26.088Z] >>> [apiv2][body] POST https://upload-firebasehosting.googleapis.com/upload/sites/passcpa-dev/versions/cc8daed2770c4e13/files/282aed1d8ce3683022dd4416e649736a0eb8e846a6e88ba9a6cd7a68ee7a804f [stream]
[debug] [2026-02-01T15:54:26.089Z] >>> [apiv2][query] POST https://upload-firebasehosting.googleapis.com/upload/sites/passcpa-dev/versions/cc8daed2770c4e13/files/c20f08023e8390ba50b91eae3c912dda5caab0456dccf1f17e89fa781b5faefe [none]
[debug] [2026-02-01T15:54:26.089Z] >>> [apiv2][body] POST https://upload-firebasehosting.googleapis.com/upload/sites/passcpa-dev/versions/cc8daed2770c4e13/files/c20f08023e8390ba50b91eae3c912dda5caab0456dccf1f17e89fa781b5faefe [stream]
[debug] [2026-02-01T15:54:26.090Z] >>> [apiv2][query] POST https://upload-firebasehosting.googleapis.com/upload/sites/passcpa-dev/versions/cc8daed2770c4e13/files/9e7539401e4f6eb11d488f6fd87aa0ce6f9f7b5471fd42bd2819a944e3f2f42d [none]
[debug] [2026-02-01T15:54:26.090Z] >>> [apiv2][body] POST https://upload-firebasehosting.googleapis.com/upload/sites/passcpa-dev/versions/cc8daed2770c4e13/files/9e7539401e4f6eb11d488f6fd87aa0ce6f9f7b5471fd42bd2819a944e3f2f42d [stream]
[debug] [2026-02-01T15:54:26.090Z] >>> [apiv2][query] POST https://upload-firebasehosting.googleapis.com/upload/sites/passcpa-dev/versions/cc8daed2770c4e13/files/5e1b6d3d9799950c198b2d3c28db908b7f4593f34efafa72dfa557ceeb9b86f2 [none]
[debug] [2026-02-01T15:54:26.090Z] >>> [apiv2][body] POST https://upload-firebasehosting.googleapis.com/upload/sites/passcpa-dev/versions/cc8daed2770c4e13/files/5e1b6d3d9799950c198b2d3c28db908b7f4593f34efafa72dfa557ceeb9b86f2 [stream]
[debug] [2026-02-01T15:54:26.091Z] >>> [apiv2][query] POST https://upload-firebasehosting.googleapis.com/upload/sites/passcpa-dev/versions/cc8daed2770c4e13/files/816d7538e4965b2158e2faa16f97e5575c56b8d20a276c7fc05407194e61970c [none]
[debug] [2026-02-01T15:54:26.091Z] >>> [apiv2][body] POST https://upload-firebasehosting.googleapis.com/upload/sites/passcpa-dev/versions/cc8daed2770c4e13/files/816d7538e4965b2158e2faa16f97e5575c56b8d20a276c7fc05407194e61970c [stream]
[debug] [2026-02-01T15:54:26.092Z] >>> [apiv2][query] POST https://upload-firebasehosting.googleapis.com/upload/sites/passcpa-dev/versions/cc8daed2770c4e13/files/fbb88bef4b31468489a745cc17fef92d9d566d62415df3ac869e0e2736195d68 [none]
[debug] [2026-02-01T15:54:26.092Z] >>> [apiv2][body] POST https://upload-firebasehosting.googleapis.com/upload/sites/passcpa-dev/versions/cc8daed2770c4e13/files/fbb88bef4b31468489a745cc17fef92d9d566d62415df3ac869e0e2736195d68 [stream]
[debug] [2026-02-01T15:54:26.092Z] >>> [apiv2][query] POST https://upload-firebasehosting.googleapis.com/upload/sites/passcpa-dev/versions/cc8daed2770c4e13/files/170c0fcbee26230af74639e8ed411898b10907424a89572c7d986a2313e68a5e [none]
[debug] [2026-02-01T15:54:26.092Z] >>> [apiv2][body] POST https://upload-firebasehosting.googleapis.com/upload/sites/passcpa-dev/versions/cc8daed2770c4e13/files/170c0fcbee26230af74639e8ed411898b10907424a89572c7d986a2313e68a5e [stream]
[debug] [2026-02-01T15:54:26.093Z] >>> [apiv2][query] POST https://upload-firebasehosting.googleapis.com/upload/sites/passcpa-dev/versions/cc8daed2770c4e13/files/7aadc248d566159120efaceffbdb51f861e0a75a8053b84cc17b2ae5eea17cfd [none]
[debug] [2026-02-01T15:54:26.093Z] >>> [apiv2][body] POST https://upload-firebasehosting.googleapis.com/upload/sites/passcpa-dev/versions/cc8daed2770c4e13/files/7aadc248d566159120efaceffbdb51f861e0a75a8053b84cc17b2ae5eea17cfd [stream]
[debug] [2026-02-01T15:54:26.094Z] >>> [apiv2][query] POST https://upload-firebasehosting.googleapis.com/upload/sites/passcpa-dev/versions/cc8daed2770c4e13/files/d4bcdcbd527726d4d4befe8dbe5e2c63b518b409546dc2f0d613bdf070bd1226 [none]
[debug] [2026-02-01T15:54:26.094Z] >>> [apiv2][body] POST https://upload-firebasehosting.googleapis.com/upload/sites/passcpa-dev/versions/cc8daed2770c4e13/files/d4bcdcbd527726d4d4befe8dbe5e2c63b518b409546dc2f0d613bdf070bd1226 [stream]
[debug] [2026-02-01T15:54:26.094Z] >>> [apiv2][query] POST https://upload-firebasehosting.googleapis.com/upload/sites/passcpa-dev/versions/cc8daed2770c4e13/files/813d101d60f16ab3d02503c65c576e4a427a24b62b16668100530e03e0888f57 [none]
[debug] [2026-02-01T15:54:26.094Z] >>> [apiv2][body] POST https://upload-firebasehosting.googleapis.com/upload/sites/passcpa-dev/versions/cc8daed2770c4e13/files/813d101d60f16ab3d02503c65c576e4a427a24b62b16668100530e03e0888f57 [stream]
[debug] [2026-02-01T15:54:26.095Z] >>> [apiv2][query] POST https://upload-firebasehosting.googleapis.com/upload/sites/passcpa-dev/versions/cc8daed2770c4e13/files/93e858b4b9aa78741a1af0a7c170355e27d24623f7d84ef9118c02e23619dbce [none]
[debug] [2026-02-01T15:54:26.095Z] >>> [apiv2][body] POST https://upload-firebasehosting.googleapis.com/upload/sites/passcpa-dev/versions/cc8daed2770c4e13/files/93e858b4b9aa78741a1af0a7c170355e27d24623f7d84ef9118c02e23619dbce [stream]
[debug] [2026-02-01T15:54:26.096Z] >>> [apiv2][query] POST https://upload-firebasehosting.googleapis.com/upload/sites/passcpa-dev/versions/cc8daed2770c4e13/files/3dadb1976e24662bc9d93b3e6bfcf6f2cce634bd82e505f0dd3cfe67be2568f7 [none]
[debug] [2026-02-01T15:54:26.096Z] >>> [apiv2][body] POST https://upload-firebasehosting.googleapis.com/upload/sites/passcpa-dev/versions/cc8daed2770c4e13/files/3dadb1976e24662bc9d93b3e6bfcf6f2cce634bd82e505f0dd3cfe67be2568f7 [stream]
[debug] [2026-02-01T15:54:26.096Z] >>> [apiv2][query] POST https://upload-firebasehosting.googleapis.com/upload/sites/passcpa-dev/versions/cc8daed2770c4e13/files/df682941bee8b5c40a7f54ab15a4799d902e93b6078268ba8d641581b0b86982 [none]
[debug] [2026-02-01T15:54:26.096Z] >>> [apiv2][body] POST https://upload-firebasehosting.googleapis.com/upload/sites/passcpa-dev/versions/cc8daed2770c4e13/files/df682941bee8b5c40a7f54ab15a4799d902e93b6078268ba8d641581b0b86982 [stream]
[debug] [2026-02-01T15:54:26.097Z] [hosting][populate queue][FINAL] {"max":259,"min":259,"avg":259,"active":0,"complete":1,"success":1,"errored":0,"retried":0,"total":1,"elapsed":284}
[debug] [2026-02-01T15:54:26.097Z] [hosting] uploads queued: 35
