=== Fix Short Explanations ===

CPA/aud: 1 short explanations
  Fixing aud-ext-plan-001 (72 chars)...
    ✓ Expanded to 330 chars
CPA/bar: 1 short explanations
  Fixing bar-fm-002 (97 chars)...
    ✓ Expanded to 249 chars
CPA/far: 2 short explanations
  Fixing far-easy-exp-011 (96 chars)...
    ✓ Expanded to 193 chars
  Fixing far-easy-sp-002 (92 chars)...
    ✓ Expanded to 247 chars
CPA/isc: 1 short explanations
  Fixing isc-easy-exp-003 (90 chars)...
    ✓ Expanded to 232 chars
CPA/tcp: 1 short explanations
  Fixing tcp-easy-sp-002 (87 chars)...
    ✓ Expanded to 196 chars
EA/see1: 15 short explanations
  Fixing see1-calc-042 (66 chars)...
    ✓ Expanded to 211 chars
  Fixing see1-calc-047 (66 chars)...
    ✓ Expanded to 225 chars
  Fixing see1-calc-048 (63 chars)...
    ✓ Expanded to 179 chars
  Fixing see1-184 (99 chars)...
    ✓ Expanded to 210 chars
  Fixing see1-372 (97 chars)...
    ✓ Expanded to 215 chars
  Fixing see1-418 (79 chars)...
    ✓ Expanded to 242 chars
  Fixing see1-454 (98 chars)...
    ✓ Expanded to 173 chars
  Fixing see1-455 (90 chars)...
    ✓ Expanded to 232 chars
  Fixing see1-456 (94 chars)...
    ✓ Expanded to 176 chars
  Fixing see1-easy-gen-1772313107982-2 (52 chars)...
    ✓ Expanded to 182 chars
  Fixing see1-easy-gen-1772313107982-3 (45 chars)...
    ✓ Expanded to 212 chars
  Fixing see1-easy-gen-1772313107982-4 (90 chars)...
    ✓ Expanded to 190 chars
  Fixing see1-easy-gen-1772313107982-5 (82 chars)...
    ✓ Expanded to 203 chars
  Fixing see1-easy-gen-1772313107982-6 (80 chars)...
    ✓ Expanded to 185 chars
  Fixing see1-easy-gen-1772313107982-8 (83 chars)...
    ✓ Expanded to 187 chars
EA/see2: 6 short explanations
  Fixing see2-calc-014 (72 chars)...
    ✓ Expanded to 210 chars
  Fixing see2-calc-018 (96 chars)...
    ✓ Expanded to 250 chars
  Fixing see2-calc-019 (58 chars)...
    ✓ Expanded to 193 chars
  Fixing see2-calc-024 (96 chars)...
    ✓ Expanded to 252 chars
  Fixing see2-calc-047 (80 chars)...
    ✓ Expanded to 239 chars
  Fixing see2-calc-050 (80 chars)...
    ✓ Expanded to 250 chars
EA/see3: 11 short explanations
  Fixing see3-calc-002 (93 chars)...
    ✓ Expanded to 213 chars
  Fixing see3-calc-006 (84 chars)...
    ✓ Expanded to 191 chars
  Fixing see3-calc-007 (87 chars)...
    ✓ Expanded to 182 chars
  Fixing see3-calc-019 (82 chars)...
    ✓ Expanded to 189 chars
  Fixing see3-calc-020 (79 chars)...
    ✓ Expanded to 229 chars
  Fixing see3-calc-021 (98 chars)...
    ✓ Expanded to 208 chars
  Fixing see3-calc-023 (66 chars)...
    ✓ Expanded to 203 chars
  Fixing see3-calc-033 (92 chars)...
    ✓ Expanded to 190 chars
  Fixing see3-calc-037 (87 chars)...
    ✓ Expanded to 257 chars
  Fixing see3-calc-045 (98 chars)...
    ✓ Expanded to 255 chars
  Fixing see3-easy-gen-1772313479851-2 (97 chars)...
    ✓ Expanded to 229 chars
CMA/cma1: 19 short explanations
  Fixing cma1-b12-019 (85 chars)...
    ✓ Expanded to 194 chars
  Fixing cma1-b12-038 (94 chars)...
    ✓ Expanded to 202 chars
  Fixing cma1-calc-026 (90 chars)...
    ✓ Expanded to 224 chars
  Fixing cma1-calc-027 (68 chars)...
    ✓ Expanded to 182 chars
  Fixing cma1-calc-036 (90 chars)...
    ✓ Expanded to 204 chars
  Fixing cma1-calc-044 (96 chars)...
    ✓ Expanded to 202 chars
  Fixing cma1-calc-052 (95 chars)...
    ✓ Expanded to 188 chars
  Fixing cma1-calc2-009 (90 chars)...
    ✓ Expanded to 191 chars
  Fixing cma1-calc2-017 (89 chars)...
    ✓ Expanded to 329 chars
  Fixing cma1-calc2-024 (75 chars)...
    ✓ Expanded to 220 chars
  Fixing cma1-calc2-035 (81 chars)...
    ✓ Expanded to 275 chars
  Fixing cma1-calc2-036 (85 chars)...
    ✓ Expanded to 288 chars
  Fixing cma1-calc2-037 (97 chars)...
    ✓ Expanded to 189 chars
  Fixing cma1-calc2-038 (73 chars)...
    ✓ Expanded to 195 chars
  Fixing cma1-calc2-039 (81 chars)...
    ✓ Expanded to 230 chars
  Fixing cma1-mcq5-005 (80 chars)...
    ✓ Expanded to 173 chars
  Fixing cma1-mcq6-014 (88 chars)...
    ✓ Expanded to 169 chars
  Fixing cma1-mcq7-005 (79 chars)...
    ✓ Expanded to 255 chars
  Fixing cma1-mcq7-006 (69 chars)...
    ✓ Expanded to 262 chars
CMA/cma2: 36 short explanations
  Fixing cma2-b-003 (95 chars)...
    ✓ Expanded to 195 chars
  Fixing cma2-b-007 (80 chars)...
    ✓ Expanded to 204 chars
  Fixing cma2-b-059 (86 chars)...
    ✓ Expanded to 299 chars
  Fixing cma2-b10-013 (82 chars)...
    ✓ Expanded to 295 chars
  Fixing cma2-b11-031 (87 chars)...
    ✓ Expanded to 207 chars
  Fixing cma2-b11-035 (87 chars)...
    ✓ Expanded to 214 chars
  Fixing cma2-b12-002 (86 chars)...
    ✓ Expanded to 220 chars
  Fixing cma2-b12-032 (77 chars)...
    ✓ Expanded to 246 chars
  Fixing cma2-bulk-c-001 (59 chars)...
    ✓ Expanded to 182 chars
  Fixing cma2-bulk-e-001 (86 chars)...
    ✓ Expanded to 215 chars
  Fixing cma2-c-011 (98 chars)...
    ✓ Expanded to 234 chars
  Fixing cma2-calc-017 (84 chars)...
    ✓ Expanded to 211 chars
  Fixing cma2-calc-026 (86 chars)...
    ✓ Expanded to 218 chars
  Fixing cma2-calc-028 (92 chars)...
    ✓ Expanded to 201 chars
  Fixing cma2-calc-032 (70 chars)...
    ✓ Expanded to 195 chars
  Fixing cma2-calc-049 (87 chars)...
    ✓ Expanded to 294 chars
  Fixing cma2-calc-058 (74 chars)...
    ✓ Expanded to 232 chars
  Fixing cma2-calc2-001 (81 chars)...
    ✓ Expanded to 288 chars
  Fixing cma2-calc2-011 (98 chars)...
    ✓ Expanded to 202 chars
  Fixing cma2-calc2-013 (92 chars)...
    ✓ Expanded to 204 chars
  Fixing cma2-calc2-018 (63 chars)...
    ✓ Expanded to 200 chars
  Fixing cma2-calc2-019 (88 chars)...
    ✓ Expanded to 200 chars
  Fixing cma2-calc2-020 (64 chars)...
    ✓ Expanded to 223 chars
  Fixing cma2-calc2-021 (54 chars)...
    ✓ Expanded to 211 chars
  Fixing cma2-calc2-022 (77 chars)...
    ✓ Expanded to 180 chars
  Fixing cma2-calc2-025 (96 chars)...
    ✓ Expanded to 220 chars
  Fixing cma2-calc2-031 (94 chars)...
    ✓ Expanded to 193 chars
  Fixing cma2-calc2-032 (94 chars)...
    ✓ Expanded to 245 chars
  Fixing cma2-calc2-033 (97 chars)...
    ✓ Expanded to 252 chars
  Fixing cma2-calc2-034 (97 chars)...
    ✓ Expanded to 221 chars
  Fixing cma2-calc2-038 (78 chars)...
    ✓ Expanded to 265 chars
  Fixing cma2-mcq6-001 (88 chars)...
    ✓ Expanded to 191 chars
  Fixing cma2-mcq6-006 (99 chars)...
    ✓ Expanded to 251 chars
  Fixing cma2-gen-1772314186478-6-1 (99 chars)...
    ✓ Expanded to 218 chars
  Fixing cma2-gen-1772314259413-12-1 (99 chars)...
    ✓ Expanded to 237 chars
  Fixing cma2-gen-1772314405381-24-1 (87 chars)...
    ✓ Expanded to 301 chars
CIA/cia1: 2 short explanations
  Fixing cia1-easy-gen-1772313566474-5 (89 chars)...
    ✓ Expanded to 246 chars
  Fixing cia1-easy-gen-1772313566474-7 (88 chars)...
    ✓ Expanded to 230 chars
CIA/cia2: 6 short explanations
  Fixing cia2-302 (97 chars)...
    ✓ Expanded to 220 chars
  Fixing cia2-305 (95 chars)...
    ✓ Expanded to 211 chars
  Fixing cia2-311 (90 chars)...
    ✓ Expanded to 213 chars
  Fixing cia2-320 (96 chars)...
    ✓ Expanded to 209 chars
  Fixing cia2-339 (97 chars)...
    ✓ Expanded to 217 chars
  Fixing cia2-340 (96 chars)...
    ✓ Expanded to 275 chars
CFP/CFP-PSY: 1 short explanations
  Fixing cfp-psy-b8-004 (65 chars)...
    ✓ Expanded to 148 chars

=== Complete ===
Found: 102 short explanations
Fixed: 102
