Processing 100 questions with duplicate options...

Processing cpa/far (4 questions)...
  Fixed far-wc-055: "$800,000" -> "$750,000..."
  Fixed far-wc-056: "$100,000" -> "$400,000..."
  Fixed far-wc-083: "$300,000" -> "$250,000..."
  Fixed far-gen-1417: "$12,500" -> "E) $22,500..."
  Saved /workspaces/passcpa/content/cpa/far/questions.json

Processing cpa/reg (2 questions)...
  Fixed reg-gen-1038: "$20,000" -> "$80,000..."
  Fixed reg-gen-1135: "$10,000" -> "$20,000..."
  Saved /workspaces/passcpa/content/cpa/reg/questions.json

Processing cpa/tcp (5 questions)...
  Fixed tcp-ext-008: "$30,000" -> "$0..."
  Fixed tcp-wc-061: "$20,000" -> "$0..."
  Fixed tcp-gen-0978: "$32,000" -> "$40,000..."
  Fixed tcp-gen-1229: "$25,000" -> "E) $75,000..."
  Fixed tcp-gen-1370: "$100,000" -> "E) $60,000..."
  Saved /workspaces/passcpa/content/cpa/tcp/questions.json

Processing ea/see2 (2 questions)...
  Fixed see2-calc-011: "$200,000" -> "$150,000..."
  Fixed see2-292: "$50,000" -> "$100,000..."
  Saved /workspaces/passcpa/content/ea/see2/questions.json

Processing cma/cma1 (1 questions)...
  Fixed cma1-mcq7-004: "$20,000" -> "$0..."
  Saved /workspaces/passcpa/content/cma/cma1/questions.json

Processing cma/cma2 (1 questions)...
  Fixed cma2-mcq6-007: "$6 million" -> "$3 million..."
  Saved /workspaces/passcpa/content/cma/cma2/questions.json

Processing cfp/CFP-EST (14 questions)...
  Fixed cfp-cross-002: ",
      " -> "Gift now—Helen recognizes a capital gain..."
  Fixed cfp-est-068: ",
      " -> "Trust assets included in the grantor's t..."
  Fixed cfp-est-069: ",
      " -> "Shelter assets from creditors..."
  Fixed cfp-est-b2-004: ",
      " -> "Is divided equally amongst all living te..."
  Fixed cfp-est-b2-007: "Transferor\" -> "Skip person's spouse..."
  Fixed cfp-est-b4-013: ",
      " -> "Has each partner purchase a pro-rata sha..."
  Fixed cfp-est-b5-023: ",
      " -> "Is designed to primarily benefit the sha..."
  Fixed cfp-est-b6-002: ",
      " -> "A HIPAA authorization grants the designa..."
  Fixed cfp-est-b6-007: ",
      " -> "Is considered a gift to the niece..."
  Fixed cfp-est-b6-020: ",
      " -> "; therefore, her assets will..."
  Fixed cfp-est-b8-010: ",
      " -> "*Per Stirpes*..."
  Fixed cfp-est-b9-006: ",
      " -> "Be delivered to the disclaimant's attorn..."
  Fixed cfp-est-b9-015: ",
      " -> "The beneficiary spouse predeceases the g..."
  Fixed cfp-est-b9-018: ",
      " -> "Cryptocurrency wallets and email account..."
  Saved /workspaces/passcpa/content/cfp/CFP-EST/questions.json

Processing cfp/CFP-GEN (10 questions)...
  Fixed cfp-cross-009: ",
      " -> "Parents purchase a zero-coupon bond matu..."
  Fixed cfp-gen-018: ",
      " -> "Step 5: Developing the Financial Plan..."
  Fixed cfp-gen-b2-013: ",
      " -> "Roth IRA owned by grandparent..."
  Fixed cfp-gen-b2-023: ",
      " -> "Investment account balances..."
  Fixed cfp-gen-b3-009: ",
      " -> "Following the client's instructions even..."
  Fixed cfp-gen-b4-014: ",
      " -> "Developing financial planning recommenda..."
  Fixed cfp-gen-b4-015: ",
      " -> "Avoiding conflicts of interest..."
  Fixed cfp-gen-b5-008: ",
      " -> "Offer federal tax deductions for contrib..."
  Fixed cfp-gen-b5-022: ",
      " -> "Last month..."
  Fixed cfp-gen-b8-015: ",
      " -> "His family..."
  Saved /workspaces/passcpa/content/cfp/CFP-GEN/questions.json

Processing cfp/CFP-INV (9 questions)...
  Fixed cfp-inv-044: ",
      " -> "The fund's returns are highly correlated..."
  Fixed cfp-inv-b10-004: ",
      " -> "The conversion price is approximately $4..."
  Fixed cfp-inv-b10-009: ",
      " -> "Days sales outstanding..."
  Fixed cfp-inv-b11-017: ",
      " -> "It is guaranteed to appreciate at a fixe..."
  Fixed cfp-inv-b12-006: ",
      " -> "Revenue bonds are backed by the full fai..."
  Fixed cfp-inv-b6-003: ",
      " -> "has generated 60% more return than the b..."
  Fixed cfp-inv-b6-009: "0.67" -> "2.  50..."
  Fixed cfp-inv-b6-016: ",
      " -> "The option with the lowest strike price ..."
  Fixed cfp-inv-b9-016: ",
      " -> "Past performance guarantees future retur..."
  Saved /workspaces/passcpa/content/cfp/CFP-INV/questions.json

Processing cfp/CFP-PCR (13 questions)...
  Fixed cfp-cross-005: ",
      " -> "Proceed with the client's request, but o..."
  Fixed cfp-pro-012: ",
      " -> "Fiduciary responsibility..."
  Fixed cfp-pro-013: ",
      " -> "Continue managing the client's portfolio..."
  Fixed cfp-pro-022: ",
      " -> "The client's age and proximity to retire..."
  Fixed cfp-pro-046: ",
      " -> "Disclose all potential conflicts of inte..."
  Fixed cfp-pro-047: ",
      " -> "The client's parents..."
  Fixed cfp-pro-057: ",
      " -> "Report the conduct only if the colleague..."
  Fixed cfp-pro-088: ",
      " -> "Disclose the surrender charge schedule a..."
  Fixed cfp-pcr-b3-025: ",
      " -> "Discuss Harmon Financial Advisor's fee s..."
  Fixed cfp-pcr-b4-022: ",
      " -> "Immediately liquidate Mr. Davis's portfo..."
  Fixed cfp-pcr-b6-013: ",
      " -> "Guarantee investment performance..."
  Fixed cfp-pcr-b7-008: ",
      " -> "Disclose the relationship to Pinnacle We..."
  Fixed cfp-pcr-b9-011: ",
      " -> "The planner monitors progress, but the c..."
  Saved /workspaces/passcpa/content/cfp/CFP-PCR/questions.json

Processing cfp/CFP-PSY (10 questions)...
  Fixed cfp-psy-001: "" -> "Suggest they annuitize a portion of thei..."
  Fixed cfp-psy-003: "" -> "Recommend she immediately consolidate he..."
  Fixed cfp-psy-b2-014: ",
      " -> "Recommend specific investment products k..."
  Fixed cfp-psy-b3-010: "" -> "risk tolerance, investment time horizon,..."
  Fixed cfp-psy-b3-013: ",
      " -> "Sympathizing with the client's situation..."
  Fixed cfp-psy-b4-001: ",
      " -> "Recommending they allocate a significant..."
  Fixed cfp-psy-b5-008: ",
      " -> "Sell investment products..."
  Fixed cfp-psy-b5-013: ",
      " -> "Suggest they drastically reduce their sp..."
  Fixed cfp-psy-b6-025: ",
      " -> "People always make rational decisions..."
  Fixed cfp-psy-b7-012: ",
      " -> "Investment risk tolerance..."
  Saved /workspaces/passcpa/content/cfp/CFP-PSY/questions.json

Processing cfp/CFP-RET (12 questions)...
  Fixed cfp-ret-017: ",
      " -> "Take a lump-sum distribution within five..."
  Fixed cfp-ret-049: "$44,100" -> "$46,200..."
  Fixed cfp-ret-b11-011: ",
      " -> "Is receiving unemployment benefits..."
  Fixed cfp-ret-b12-004: ",
      " -> ", the company matches employee contribut..."
  Fixed cfp-ret-b12-010: ",
      " -> "Highest 40 quarters..."
  Fixed cfp-ret-b12-024: ",
      " -> ", his policy's elimination period will b..."
  Fixed cfp-ret-b3-013: ",
      " -> "Withdraw 4% of the initial portfolio bal..."
  Fixed cfp-ret-b5-024: ",
      " -> "3% matching contribution on the first 3%..."
  Fixed cfp-ret-b6-007: ",
      " -> "Contribute the maximum, regardless of in..."
  Fixed cfp-ret-b9-009: ",
      " -> "Must deplete the account within ten year..."
  Fixed cfp-ret-b9-023: ",
      " -> "The estate..."
  Fixed cfp-ret-sec2-007: ",
      " -> "Only the employee pays tax on the contri..."
  Saved /workspaces/passcpa/content/cfp/CFP-RET/questions.json

Processing cfp/CFP-RISK (9 questions)...
  Fixed cfp-ins-b2-016: ",
      " -> "Her own health insurance..."
  Fixed cfp-ins-b3-015: ",
      " -> "Unable to work..."
  Fixed cfp-ins-b3-036: ",
      " -> "Offer Sarah an equity stake in the compa..."
  Fixed cfp-ris-b2-002: ",
      " -> "The annuity contract holder..."
  Fixed cfp-ris-b2-010: ",
      " -> "The landlord of the business..."
  Fixed cfp-ris-b3-008: ",
      " -> "Custodial care..."
  Fixed cfp-ris-b5-014: ",
      " -> "Inflation protection is guaranteed..."
  Fixed cfp-ris-b7-024: ",
      " -> "The employees of the dental practice..."
  Fixed cfp-ris-b8-010: ",
      " -> "Premiums are tax deductible to the busin..."
  Saved /workspaces/passcpa/content/cfp/CFP-RISK/questions.json

Processing cfp/CFP-TAX (8 questions)...
  Fixed cfp-tax-013: ",
      " -> "Entirely at parent's rate..."
  Fixed cfp-tax-053: ",
      " -> "Loss allowed, but only up to $3,000...."
  Fixed cfp-tax-b10-020: ",
      " -> "Life insurance proceeds paid to the esta..."
  Fixed cfp-tax-b2-010: "$28,000" -> "$21,000..."
  Fixed cfp-tax-b2-022: ",
      " -> "Increase withholding on their current sa..."
  Fixed cfp-tax-b3-009: ",
      " -> "the parent's rate up to $2,500, then Emi..."
  Fixed cfp-tax-b3-013: ",
      " -> "ient's basis is always the donor's basis..."
  Fixed cfp-tax-b4-017: ",
      " -> "$20,000 contribution to a 529 plan for h..."
  Saved /workspaces/passcpa/content/cfp/CFP-TAX/questions.json


=== Complete ===
Fixed: 100
Errors: 0
