
Generating 89 easy questions for ea/see1...
  Batch: generating 10 (0/89 done)
  Got 10 valid questions
  Batch: generating 10 (10/89 done)
  Got 10 valid questions
  Batch: generating 10 (20/89 done)
  Got 10 valid questions
  Batch: generating 10 (30/89 done)
  Got 10 valid questions
  Batch: generating 10 (40/89 done)
  Got 10 valid questions
  Batch: generating 10 (50/89 done)
  Got 10 valid questions
  Batch: generating 10 (60/89 done)
  Got 10 valid questions
  Batch: generating 10 (70/89 done)
  Got 10 valid questions
  Batch: generating 9 (80/89 done)
  Got 9 valid questions
  Saved 89 new easy questions to ea/see1

Generating 165 easy questions for ea/see2...
  Batch: generating 10 (0/165 done)
  Got 10 valid questions
  Batch: generating 10 (10/165 done)
  Got 10 valid questions
  Batch: generating 10 (20/165 done)
  Got 10 valid questions
  Batch: generating 10 (30/165 done)
  Got 10 valid questions
  Batch: generating 10 (40/165 done)
  Got 10 valid questions
  Batch: generating 10 (50/165 done)
  Got 10 valid questions
  Batch: generating 10 (60/165 done)
  Got 10 valid questions
  Batch: generating 10 (70/165 done)
  Got 10 valid questions
  Batch: generating 10 (80/165 done)
  Got 10 valid questions
  Batch: generating 10 (90/165 done)
  Got 10 valid questions
  Batch: generating 10 (100/165 done)
  Got 10 valid questions
  Batch: generating 10 (110/165 done)
  Got 10 valid questions
  Batch: generating 10 (120/165 done)
  Got 10 valid questions
  Batch: generating 10 (130/165 done)
  Got 10 valid questions
  Batch: generating 10 (140/165 done)
  Got 10 valid questions
  Batch: generating 10 (150/165 done)
  Got 10 valid questions
  Batch: generating 5 (160/165 done)
  Got 5 valid questions
  Saved 165 new easy questions to ea/see2

Generating 131 easy questions for ea/see3...
  Batch: generating 10 (0/131 done)
  Got 10 valid questions
  Batch: generating 10 (10/131 done)
  Got 10 valid questions
  Batch: generating 10 (20/131 done)
  Got 10 valid questions
  Batch: generating 10 (30/131 done)
  Got 10 valid questions
  Batch: generating 10 (40/131 done)
  Got 10 valid questions
  Batch: generating 10 (50/131 done)
  Got 10 valid questions
  Batch: generating 10 (60/131 done)
  Got 10 valid questions
  Batch: generating 10 (70/131 done)
  Got 10 valid questions
  Batch: generating 10 (80/131 done)
  Got 10 valid questions
  Batch: generating 10 (90/131 done)
  Got 10 valid questions
  Batch: generating 10 (100/131 done)
  Got 10 valid questions
  Batch: generating 10 (110/131 done)
  Got 10 valid questions
  Batch: generating 10 (120/131 done)
  Got 10 valid questions
  Batch: generating 1 (130/131 done)
  Got 1 valid questions
  Saved 131 new easy questions to ea/see3

Generating 54 easy questions for cia/cia1...
  Batch: generating 10 (0/54 done)
  Got 10 valid questions
  Batch: generating 10 (10/54 done)
  Got 10 valid questions
  Batch: generating 10 (20/54 done)
  Got 10 valid questions
  Batch: generating 10 (30/54 done)
  Got 10 valid questions
  Batch: generating 10 (40/54 done)
  Got 10 valid questions
  Batch: generating 4 (50/54 done)
  Got 4 valid questions
  Saved 54 new easy questions to cia/cia1

Generating 52 easy questions for cia/cia2...
  Batch: generating 10 (0/52 done)
  Got 10 valid questions
  Batch: generating 10 (10/52 done)
  Got 10 valid questions
  Batch: generating 10 (20/52 done)
  Got 10 valid questions
  Batch: generating 10 (30/52 done)
  Got 10 valid questions
  Batch: generating 10 (40/52 done)
  Got 10 valid questions
  Batch: generating 2 (50/52 done)
  Got 2 valid questions
  Saved 52 new easy questions to cia/cia2

Generating 81 easy questions for cia/cia3...
  Batch: generating 10 (0/81 done)
  Got 10 valid questions
  Batch: generating 10 (10/81 done)
  Got 10 valid questions
  Batch: generating 10 (20/81 done)
  Got 10 valid questions
  Batch: generating 10 (30/81 done)
  Got 10 valid questions
  Batch: generating 10 (40/81 done)
  Got 10 valid questions
  Batch: generating 10 (50/81 done)
  Got 10 valid questions
  Batch: generating 10 (60/81 done)
  Got 10 valid questions
  Batch: generating 10 (70/81 done)
  Got 10 valid questions
  Batch: generating 1 (80/81 done)
  Got 1 valid questions
  Saved 81 new easy questions to cia/cia3

=== Complete ===
Total generated: 572
