nohup: ignoring input
ℹ️  CPA already enhanced, skipping...

============================================================
  ENHANCING EA LESSONS
  EA Exam (Special Enrollment Examination)
============================================================

📚 Processing see1...
  Found 50 lessons
  🔄 SEE1-001... ✅ +3 sections
  🔄 SEE1-002... ✅ +3 sections
  🔄 SEE1-003... ✅ +3 sections
  🔄 SEE1-004... ✅ +3 sections
  🔄 SEE1-005... ✅ +3 sections
  🔄 SEE1-006... ✅ +3 sections
  🔄 SEE1-007... ✅ +3 sections
  🔄 SEE1-008... ✅ +3 sections
  🔄 SEE1-009... ✅ +3 sections
  🔄 SEE1-014... ✅ +3 sections
  🔄 SEE1-030... ✅ +3 sections
  🔄 SEE1-040... ✅ +3 sections
  🔄 SEE1-010... ❌ failed
  🔄 SEE1-011... ✅ +3 sections
  🔄 SEE1-012... ✅ +3 sections
  🔄 SEE1-013... ✅ +3 sections
  🔄 SEE1-015... ✅ +3 sections
  🔄 SEE1-016... ✅ +4 sections
  🔄 SEE1-021... ✅ +3 sections
  🔄 SEE1-022... ✅ +3 sections
  🔄 SEE1-023... ✅ +3 sections
  🔄 SEE1-024... ✅ +3 sections
  🔄 SEE1-025... ✅ +3 sections
  🔄 SEE1-026... ✅ +3 sections
  🔄 SEE1-027... ✅ +4 sections
  🔄 SEE1-028... ✅ +3 sections
  🔄 SEE1-029... ✅ +3 sections
  🔄 SEE1-031... ✅ +4 sections
  🔄 SEE1-032... ✅ +3 sections
  🔄 SEE1-033... ✅ +3 sections
  🔄 SEE1-034... ✅ +3 sections
  🔄 SEE1-035... ✅ +3 sections
  🔄 SEE1-036... ❌ failed
  🔄 SEE1-037... ✅ +3 sections
  🔄 SEE1-038... ✅ +3 sections
  🔄 SEE1-039... ✅ +4 sections
  🔄 SEE1-041... ✅ +3 sections
  🔄 SEE1-042... ✅ +4 sections
  🔄 SEE1-043... ✅ +4 sections
  🔄 SEE1-044... ✅ +3 sections
  🔄 SEE1-045... ✅ +3 sections
  🔄 SEE1-017... ✅ +3 sections
  🔄 SEE1-018... ✅ +3 sections
  🔄 SEE1-019... ✅ +3 sections
  🔄 SEE1-020... ✅ +3 sections
  🔄 SEE1-046... ✅ +3 sections
  🔄 SEE1-047... ✅ +4 sections
  🔄 SEE1-048... ✅ +3 sections
  🔄 SEE1-049... ✅ +3 sections
  🔄 SEE1-050... ✅ +3 sections
  💾 Saved see1.json with 48 enhanced lessons

📚 Processing see2...
  Found 62 lessons
  🔄 SEE2-001... ✅ +3 sections
  🔄 SEE2-002... ✅ +3 sections
  🔄 SEE2-003... ✅ +3 sections
  🔄 SEE2-004... ✅ +3 sections
  🔄 SEE2-005... ✅ +3 sections
  🔄 SEE2-006... ✅ +3 sections
  🔄 SEE2-007... ✅ +4 sections
  🔄 SEE2-008... ✅ +3 sections
  🔄 SEE2-009... ✅ +3 sections
  🔄 SEE2-010... ✅ +4 sections
  🔄 SEE2-011... ✅ +3 sections
  🔄 SEE2-012... ✅ +3 sections
  🔄 SEE2-013... ✅ +4 sections
  🔄 SEE2-014... ✅ +3 sections
  🔄 SEE2-015... ✅ +3 sections
  🔄 SEE2-016... ✅ +3 sections
  🔄 SEE2-017... ✅ +3 sections
  🔄 SEE2-018... ✅ +3 sections
  🔄 SEE2-019... ✅ +3 sections
  🔄 SEE2-020... ✅ +3 sections
  🔄 SEE2-021... ✅ +3 sections
  🔄 SEE2-022... ✅ +4 sections
  🔄 SEE2-023... ✅ +3 sections
  🔄 SEE2-024... ✅ +3 sections
  🔄 SEE2-025... ✅ +3 sections
  🔄 SEE2-026... ✅ +4 sections
  🔄 SEE2-027... ✅ +3 sections
  🔄 SEE2-028... ✅ +3 sections
  🔄 SEE2-029... ✅ +3 sections
  🔄 SEE2-030... ✅ +3 sections
  🔄 SEE2-031... ✅ +3 sections
  🔄 SEE2-032... ✅ +4 sections
  🔄 SEE2-033... ✅ +3 sections
  🔄 SEE2-034... ✅ +3 sections
  🔄 SEE2-035... ✅ +3 sections
  🔄 SEE2-036... ✅ +3 sections
  🔄 SEE2-037... ✅ +3 sections
  🔄 SEE2-038... ✅ +3 sections
  🔄 SEE2-039... ✅ +3 sections
  🔄 SEE2-040... ✅ +3 sections
  🔄 SEE2-041... ✅ +3 sections
  🔄 SEE2-042... ✅ +3 sections
  🔄 SEE2-043... ✅ +3 sections
  🔄 SEE2-044... ✅ +3 sections
  🔄 SEE2-045... ✅ +3 sections
  🔄 SEE2-046... ✅ +3 sections
  🔄 SEE2-047... ✅ +3 sections
  🔄 SEE2-048... ✅ +3 sections
  🔄 SEE2-049... ✅ +3 sections
  🔄 SEE2-050... ✅ +3 sections
  🔄 SEE2-051... ✅ +3 sections
  🔄 SEE2-052... ✅ +3 sections
  🔄 SEE2-053... ✅ +3 sections
  🔄 SEE2-054... ✅ +3 sections
  🔄 SEE2-055... ✅ +4 sections
  🔄 SEE2-056... ✅ +3 sections
  🔄 SEE2-057... ✅ +3 sections
  🔄 SEE2-058... ✅ +3 sections
  🔄 SEE2-059... ✅ +3 sections
  🔄 SEE2-060... ✅ +3 sections
  🔄 SEE2-061... ✅ +4 sections
  🔄 SEE2-062... ✅ +4 sections
  💾 Saved see2.json with 62 enhanced lessons

📚 Processing see3...
  Found 40 lessons
  🔄 SEE3-001... ❌ failed
  🔄 SEE3-002... ✅ +3 sections
  🔄 SEE3-003... ✅ +3 sections
  🔄 SEE3-004... ✅ +3 sections
  🔄 SEE3-005... ✅ +3 sections
  🔄 SEE3-006... ✅ +3 sections
  🔄 SEE3-007... ✅ +3 sections
  🔄 SEE3-008... ✅ +3 sections
  🔄 SEE3-009... ❌ failed
  🔄 SEE3-010... ✅ +4 sections
  🔄 SEE3-011... ✅ +3 sections
  🔄 SEE3-012... ✅ +3 sections
  🔄 SEE3-013... ✅ +3 sections
  🔄 SEE3-014... ✅ +3 sections
  🔄 SEE3-015... ✅ +4 sections
  🔄 SEE3-016... ✅ +3 sections
  🔄 SEE3-017... ✅ +3 sections
  🔄 SEE3-018... ✅ +3 sections
  🔄 SEE3-019... ✅ +3 sections
  🔄 SEE3-020... ✅ +3 sections
  🔄 SEE3-021... ✅ +4 sections
  🔄 SEE3-022... ✅ +3 sections
  🔄 SEE3-023... ✅ +3 sections
  🔄 SEE3-024... ✅ +4 sections
  🔄 SEE3-025... ✅ +3 sections
  🔄 SEE3-026... ✅ +4 sections
  🔄 SEE3-027... ✅ +3 sections
  🔄 SEE3-028... ✅ +3 sections
  🔄 SEE3-029... ✅ +3 sections
  🔄 SEE3-030... ✅ +4 sections
  🔄 SEE3-031... ✅ +3 sections
  🔄 SEE3-032... ✅ +3 sections
  🔄 SEE3-033... ✅ +3 sections
  🔄 SEE3-034... ✅ +4 sections
  🔄 SEE3-035... ✅ +3 sections
  🔄 SEE3-036... ✅ +4 sections
  🔄 SEE3-037... ✅ +4 sections
  🔄 SEE3-038... ✅ +3 sections
  🔄 SEE3-039... ✅ +4 sections
  🔄 SEE3-040... ✅ +3 sections
  💾 Saved see3.json with 38 enhanced lessons

============================================================
  ENHANCING CMA LESSONS
  CMA Exam (Certified Management Accountant)
============================================================

📚 Processing cma1-a...
  Found 13 lessons
  🔄 CMA1-A-001... ✅ +3 sections
  🔄 CMA1-A-002... ✅ +3 sections
  🔄 CMA1-A-003... ✅ +3 sections
  🔄 CMA1-A-004... ✅ +3 sections
  🔄 CMA1-A-005... ✅ +3 sections
  🔄 CMA1-A-006... ✅ +3 sections
  🔄 CMA1-A-007... ✅ +3 sections
  🔄 CMA1-A-008... ✅ +3 sections
  🔄 CMA1-A-009... ✅ +3 sections
  🔄 CMA1-A-010... ✅ +3 sections
  🔄 CMA1-A-011... ✅ +3 sections
  🔄 CMA1-A-012... ✅ +4 sections
  🔄 CMA1-A-013... ✅ +3 sections
  💾 Saved cma1-a.json with 13 enhanced lessons

📚 Processing cma1-b...
  Found 11 lessons
  🔄 CMA1-B-001... ✅ +3 sections
  🔄 CMA1-B-002... ✅ +4 sections
  🔄 CMA1-B-003... ✅ +4 sections
  🔄 CMA1-B-004... ✅ +3 sections
  🔄 CMA1-B-005... ✅ +3 sections
  🔄 CMA1-B-006... ✅ +4 sections
  🔄 CMA1-B-007... ✅ +3 sections
  🔄 CMA1-B-008... ✅ +3 sections
  🔄 CMA1-B-009... ✅ +3 sections
  🔄 CMA1-B-010... ✅ +3 sections
  🔄 CMA1-B-011... ✅ +4 sections
  💾 Saved cma1-b.json with 11 enhanced lessons

📚 Processing cma1-c...
  Found 11 lessons
  🔄 CMA1-C-001... ✅ +4 sections
  🔄 CMA1-C-002... ✅ +3 sections
  🔄 CMA1-C-003... ✅ +3 sections
  🔄 CMA1-C-004... ✅ +4 sections
  🔄 CMA1-C-005... ✅ +3 sections
  🔄 CMA1-C-006... ✅ +4 sections
  🔄 CMA1-C-007... ✅ +4 sections
  🔄 CMA1-C-008... ✅ +4 sections
  🔄 CMA1-C-009... ✅ +4 sections
  🔄 CMA1-C-010... ✅ +3 sections
  🔄 CMA1-C-011... ✅ +4 sections
  💾 Saved cma1-c.json with 11 enhanced lessons

📚 Processing cma1-d...
  Found 10 lessons
  🔄 CMA1-D-001... ✅ +3 sections
  🔄 CMA1-D-002... ✅ +3 sections
  🔄 CMA1-D-003... ✅ +4 sections
  🔄 CMA1-D-004... ✅ +3 sections
  🔄 CMA1-D-005... ✅ +4 sections
  🔄 CMA1-D-006... ✅ +3 sections
  🔄 CMA1-D-007... ✅ +3 sections
  🔄 CMA1-D-008... ✅ +4 sections
  🔄 CMA1-D-009... ✅ +3 sections
  🔄 CMA1-D-010... ✅ +3 sections
  💾 Saved cma1-d.json with 10 enhanced lessons

📚 Processing cma1-e...
  Found 8 lessons
  🔄 CMA1-E-001... ✅ +3 sections
  🔄 CMA1-E-002... ✅ +3 sections
  🔄 CMA1-E-003... ✅ +3 sections
  🔄 CMA1-E-004... ✅ +3 sections
  🔄 CMA1-E-005... ✅ +3 sections
  🔄 CMA1-E-006... ✅ +3 sections
  🔄 CMA1-E-007... ✅ +3 sections
  🔄 CMA1-E-008... ✅ +3 sections
  💾 Saved cma1-e.json with 8 enhanced lessons

📚 Processing cma1-f...
  Found 8 lessons
  🔄 CMA1-F-001... ✅ +3 sections
  🔄 CMA1-F-002... ✅ +3 sections
  🔄 CMA1-F-003... ✅ +4 sections
  🔄 CMA1-F-004... ✅ +3 sections
  🔄 CMA1-F-005... ✅ +3 sections
  🔄 CMA1-F-006... ✅ +3 sections
  🔄 CMA1-F-007... ✅ +3 sections
  🔄 CMA1-F-008... ✅ +3 sections
  💾 Saved cma1-f.json with 8 enhanced lessons

📚 Processing cma2-a...
  Found 10 lessons
  🔄 CMA2-A-001... ✅ +4 sections
  🔄 CMA2-A-002... ✅ +4 sections
  🔄 CMA2-A-003... ✅ +4 sections
  🔄 CMA2-A-004... ✅ +3 sections
  🔄 CMA2-A-005... ✅ +4 sections
  🔄 CMA2-A-006... ✅ +3 sections
  🔄 CMA2-A-007... ✅ +3 sections
  🔄 CMA2-A-008... ✅ +3 sections
  🔄 CMA2-A-009... ✅ +3 sections
  🔄 CMA2-A-010... ✅ +3 sections
  💾 Saved cma2-a.json with 10 enhanced lessons

📚 Processing cma2-b...
  Found 11 lessons
  🔄 CMA2-B-001... ✅ +4 sections
  🔄 CMA2-B-002... ✅ +4 sections
  🔄 CMA2-B-003... ✅ +3 sections
  🔄 CMA2-B-004... ✅ +4 sections
  🔄 CMA2-B-005... ✅ +3 sections
  🔄 CMA2-B-006... ✅ +3 sections
  🔄 CMA2-B-007... ✅ +4 sections
  🔄 CMA2-B-008... ✅ +3 sections
  🔄 CMA2-B-009... ✅ +3 sections
  🔄 CMA2-B-010... ✅ +3 sections
  🔄 CMA2-B-011... ✅ +3 sections
  💾 Saved cma2-b.json with 11 enhanced lessons

📚 Processing cma2-c...
  Found 12 lessons
  🔄 CMA2-C-001... ✅ +3 sections
  🔄 CMA2-C-002... ✅ +3 sections
  🔄 CMA2-C-003... ✅ +3 sections
  🔄 CMA2-C-004... ✅ +3 sections
  🔄 CMA2-C-005... ✅ +3 sections
  🔄 CMA2-C-006... ✅ +3 sections
  🔄 CMA2-C-007... ✅ +3 sections
  🔄 CMA2-C-008... ✅ +4 sections
  🔄 CMA2-C-009... ✅ +3 sections
  🔄 CMA2-C-010... ✅ +3 sections
  🔄 CMA2-C-011... ✅ +3 sections
  🔄 CMA2-C-012... ✅ +3 sections
  💾 Saved cma2-c.json with 12 enhanced lessons

📚 Processing cma2-d...
  Found 6 lessons
  🔄 CMA2-D-001... ✅ +3 sections
  🔄 CMA2-D-002... ✅ +4 sections
  🔄 CMA2-D-003... ❌ failed
  🔄 CMA2-D-004... ✅ +3 sections
  🔄 CMA2-D-005... ✅ +3 sections
  🔄 CMA2-D-006... ✅ +3 sections
  💾 Saved cma2-d.json with 5 enhanced lessons

📚 Processing cma2-e...
  Found 6 lessons
  🔄 CMA2-E-001... ✅ +4 sections
  🔄 CMA2-E-002... ✅ +3 sections
  🔄 CMA2-E-003... ✅ +3 sections
  🔄 CMA2-E-004... ✅ +3 sections
  🔄 CMA2-E-005... ✅ +4 sections
  🔄 CMA2-E-006... ✅ +3 sections
  💾 Saved cma2-e.json with 6 enhanced lessons

📚 Processing cma2-f...
  Found 8 lessons
  🔄 CMA2-F-001... ✅ +3 sections
  🔄 CMA2-F-002... ✅ +3 sections
  🔄 CMA2-F-003... ✅ +3 sections
  🔄 CMA2-F-004... ✅ +3 sections
  🔄 CMA2-F-005... ✅ +3 sections
  🔄 CMA2-F-006... ✅ +3 sections
  🔄 CMA2-F-007... ✅ +3 sections
  🔄 CMA2-F-008... ✅ +3 sections
  💾 Saved cma2-f.json with 8 enhanced lessons

============================================================
  ENHANCING CIA LESSONS
  CIA Exam (Certified Internal Auditor)
============================================================

📚 Processing cia1...
  Found 13 lessons
  🔄 CIA1-I-001... ✅ +3 sections
  🔄 CIA1-I-002... ✅ +3 sections
  🔄 CIA1-I-003... ✅ +3 sections
  🔄 CIA1-I-004... ✅ +4 sections
  🔄 CIA1-I-005... ✅ +3 sections
  🔄 CIA1-II-001... ✅ +3 sections
  🔄 CIA1-II-002... ✅ +3 sections
  🔄 CIA1-III-001... ✅ +4 sections
  🔄 CIA1-III-002... ✅ +3 sections
  🔄 CIA1-IV-001... ✅ +3 sections
  🔄 CIA1-V-001... ✅ +3 sections
  🔄 CIA1-V-002... ✅ +3 sections
  🔄 CIA1-V-003... ✅ +3 sections
  💾 Saved cia1.json with 13 enhanced lessons

📚 Processing cia1-batch2...
  Found 12 lessons
  🔄 CIA1-I-028... ✅ +3 sections
  🔄 CIA1-I-029... ✅ +3 sections
  🔄 CIA1-II-030... ✅ +4 sections
  🔄 CIA1-II-031... ✅ +3 sections
  🔄 CIA1-III-032... ✅ +3 sections
  🔄 CIA1-III-033... ✅ +3 sections
  🔄 CIA1-IV-034... ✅ +3 sections
  🔄 CIA1-IV-035... ✅ +3 sections
  🔄 CIA1-V-036... ✅ +4 sections
  🔄 CIA1-V-037... ✅ +4 sections
  🔄 CIA1-V-038... ✅ +3 sections
  🔄 CIA1-V-039... ✅ +3 sections
  💾 Saved cia1-batch2.json with 12 enhanced lessons

📚 Processing cia1-batch3...
  Found 4 lessons
  🔄 CIA1-CP-001... ✅ +3 sections
  🔄 CIA1-IPPF-001... ✅ +3 sections
  🔄 CIA1-PROF-L001... ✅ +3 sections
  🔄 CIA1-ETHICS-L001... ✅ +3 sections
  💾 Saved cia1-batch3.json with 4 enhanced lessons

📚 Processing cia2...
  Found 11 lessons
  🔄 CIA2-I-001... ✅ +3 sections
  🔄 CIA2-I-002... ✅ +3 sections
  🔄 CIA2-I-003... ✅ +3 sections
  🔄 CIA2-II-001... ✅ +3 sections
  🔄 CIA2-II-002... ✅ +3 sections
  🔄 CIA2-III-001... ✅ +3 sections
  🔄 CIA2-III-002... ✅ +4 sections
  🔄 CIA2-III-003... ✅ +3 sections
  🔄 CIA2-III-004... ✅ +3 sections
  🔄 CIA2-IV-001... ✅ +3 sections
  🔄 CIA2-IV-002... ✅ +3 sections
  💾 Saved cia2.json with 11 enhanced lessons

📚 Processing cia2-batch2...
  Found 13 lessons
  🔄 CIA2-I-020... ✅ +3 sections
  🔄 CIA2-I-021... ✅ +3 sections
  🔄 CIA2-I-022... ✅ +3 sections
  🔄 CIA2-II-023... ✅ +3 sections
  🔄 CIA2-II-024... ✅ +3 sections
  🔄 CIA2-II-025... ✅ +3 sections
  🔄 CIA2-III-026... ✅ +3 sections
  🔄 CIA2-III-027... ✅ +3 sections
  🔄 CIA2-III-028... ✅ +3 sections
  🔄 CIA2-IV-029... ✅ +3 sections
  🔄 CIA2-IV-030... ✅ +4 sections
  🔄 CIA2-IV-031... ✅ +3 sections
  🔄 CIA2-IV-032... ✅ +3 sections
  💾 Saved cia2-batch2.json with 13 enhanced lessons

📚 Processing cia2-batch3...
  Found 3 lessons
  🔄 CIA2-PLAN-001... ✅ +3 sections
  🔄 CIA2-RCM-001... ✅ +3 sections
  🔄 CIA2-CAE-001... ✅ +3 sections
  💾 Saved cia2-batch3.json with 3 enhanced lessons

📚 Processing cia2-domain-iii...
  Found 5 lessons
  🔄 CIA2-III-061... ✅ +4 sections
  🔄 CIA2-III-062... ✅ +3 sections
  🔄 CIA2-III-063... ✅ +3 sections
  🔄 CIA2-IV-064... ✅ +4 sections
  🔄 CIA2-III-065... ✅ +3 sections
  💾 Saved cia2-domain-iii.json with 5 enhanced lessons

📚 Processing cia3...
  Found 11 lessons
  🔄 CIA3-I-001... ✅ +3 sections
  🔄 CIA3-I-002... ✅ +3 sections
  🔄 CIA3-I-003... ✅ +4 sections
  🔄 CIA3-I-004... ✅ +3 sections
  🔄 CIA3-II-001... ✅ +3 sections
  🔄 CIA3-II-002... ✅ +4 sections
  🔄 CIA3-II-003... ✅ +4 sections
  🔄 CIA3-III-001... ✅ +4 sections
  🔄 CIA3-III-002... ✅ +4 sections
  🔄 CIA3-IV-001... ✅ +4 sections
  🔄 CIA3-IV-002... ✅ +4 sections
  💾 Saved cia3.json with 11 enhanced lessons

📚 Processing cia3-batch2...
  Found 13 lessons
  🔄 CIA3-I-024... ✅ +4 sections
  🔄 CIA3-I-025... ✅ +4 sections
  🔄 CIA3-I-026... ✅ +3 sections
  🔄 CIA3-II-027... ✅ +3 sections
  🔄 CIA3-II-028... ❌ failed
  🔄 CIA3-II-029... ✅ +4 sections
  🔄 CIA3-III-030... ❌ failed
  🔄 CIA3-III-031... ✅ +4 sections
  🔄 CIA3-III-032... ✅ +3 sections
  🔄 CIA3-IV-033... ✅ +3 sections
  🔄 CIA3-IV-034... ✅ +3 sections
  🔄 CIA3-IV-035... ✅ +4 sections
  🔄 CIA3-IV-036... ✅ +3 sections
  💾 Saved cia3-batch2.json with 11 enhanced lessons

📚 Processing cia3-batch3...
  Found 4 lessons
  🔄 CIA3-NIST-001... ✅ +4 sections
  🔄 CIA3-ISO-001... ✅ +3 sections
  🔄 CIA3-STRAT-001... ✅ +4 sections
  🔄 CIA3-MA-001... ✅ +4 sections
  💾 Saved cia3-batch3.json with 4 enhanced lessons

📚 Processing cia-batch3...
  Found 10 lessons
  🔄 CIA1-II-042... ✅ +3 sections
  🔄 CIA2-II-033... ✅ +3 sections
  🔄 CIA2-III-034... ❌ failed
  🔄 CIA2-IV-035... ✅ +3 sections
  🔄 CIA3-I-037... ✅ +3 sections
  🔄 CIA3-II-038... ✅ +3 sections
  🔄 CIA3-III-039... ✅ +3 sections
  🔄 CIA3-IV-040... ✅ +3 sections
  🔄 CIA3-I-041... ✅ +3 sections
  🔄 CIA3-II-042... ✅ +3 sections
  💾 Saved cia-batch3.json with 9 enhanced lessons

📚 Processing cia-batch4...
  Found 18 lessons
  🔄 CIA1-I-043... ❌ failed
  🔄 CIA1-I-044... ✅ +3 sections
  🔄 CIA1-II-045... ✅ +3 sections
  🔄 CIA1-III-046... ✅ +3 sections
  🔄 CIA1-IV-047... ✅ +3 sections
  🔄 CIA1-V-048... ✅ +3 sections
  🔄 CIA2-I-036... ✅ +3 sections
  🔄 CIA2-II-037... ✅ +3 sections
  🔄 CIA2-III-038... ✅ +3 sections
  🔄 CIA2-IV-039... ✅ +3 sections
  🔄 CIA3-I-043... ✅ +3 sections
  🔄 CIA3-II-044... ❌ failed
  🔄 CIA3-III-045... ✅ +3 sections
  🔄 CIA3-IV-046... ✅ +4 sections
  🔄 CIA3-I-047... ✅ +4 sections
  🔄 CIA3-II-048... ✅ +3 sections
  🔄 CIA3-III-049... ✅ +4 sections
  🔄 CIA3-IV-050... ✅ +3 sections
  💾 Saved cia-batch4.json with 16 enhanced lessons

📚 Processing cia-batch5...
  Found 16 lessons
  🔄 CIA1-I-049... ✅ +3 sections
  🔄 CIA1-V-050... ✅ +4 sections
  🔄 CIA1-V-051... ✅ +3 sections
  🔄 CIA1-V-052... ✅ +3 sections
  🔄 CIA2-I-040... ✅ +3 sections
  🔄 CIA2-III-041... ✅ +3 sections
  🔄 CIA2-IV-042... ✅ +3 sections
  🔄 CIA3-I-051... ✅ +4 sections
  🔄 CIA3-II-052... ✅ +3 sections
  🔄 CIA3-III-053... ✅ +3 sections
  🔄 CIA3-IV-054... ✅ +4 sections
  🔄 CIA3-I-055... ✅ +3 sections
  🔄 CIA3-II-056... ✅ +3 sections
  🔄 CIA1-V-057... ✅ +3 sections
  🔄 CIA2-III-043... ✅ +3 sections
  🔄 CIA3-IV-057... ✅ +3 sections
  💾 Saved cia-batch5.json with 16 enhanced lessons

📚 Processing gias-2024...
  Found 4 lessons
  🔄 CIA1-GIAS-001... ✅ +3 sections
  🔄 CIA1-GIAS-002... ✅ +3 sections
  🔄 CIA1-GIAS-003... ✅ +3 sections
  🔄 CIA1-GIAS-004... ✅ +3 sections
  💾 Saved gias-2024.json with 4 enhanced lessons

📚 Processing cia-missing...
  Found 3 lessons
  🔄 CIA2-II-051... ✅ +3 sections
  🔄 CIA2-III-052... ✅ +3 sections
  🔄 CIA3-II-053... ✅ +3 sections
  💾 Saved cia-missing.json with 3 enhanced lessons

============================================================
  ENHANCING CISA LESSONS
  CISA Exam (Certified Information Systems Auditor)
============================================================

📚 Processing cisa1...
  Found 14 lessons
  🔄 CISA1-001... ✅ +3 sections
  🔄 CISA1-002... ✅ +3 sections
  🔄 CISA1-003... ✅ +3 sections
  🔄 CISA1-004... ✅ +4 sections
  🔄 CISA1-005... ✅ +4 sections
  🔄 CISA1-006... ✅ +3 sections
  🔄 CISA1-007... ✅ +3 sections
  🔄 CISA1-008... ✅ +3 sections
  🔄 CISA1-009... ✅ +3 sections
  🔄 CISA1-010... ✅ +4 sections
  🔄 CISA1-011... ✅ +3 sections
  🔄 CISA1-012... ✅ +3 sections
  🔄 CISA1-013... ✅ +3 sections
  🔄 CISA1-014... ✅ +4 sections
  💾 Saved cisa1.json with 14 enhanced lessons

📚 Processing cisa1-batch2...
  Found 6 lessons
  🔄 CISA1-021... ✅ +3 sections
  🔄 CISA1-022... ✅ +3 sections
  🔄 CISA1-023... ✅ +4 sections
  🔄 CISA1-024... ✅ +3 sections
  🔄 CISA1-025... ✅ +3 sections
  🔄 CISA1-026... ✅ +3 sections
  💾 Saved cisa1-batch2.json with 6 enhanced lessons

📚 Processing cisa1-batch3...
  Found 5 lessons
  🔄 CISA1-016... ✅ +4 sections
  🔄 CISA1-017... ✅ +3 sections
  🔄 CISA1-018... ✅ +4 sections
  🔄 CISA1-019... ✅ +3 sections
  🔄 CISA1-020... ✅ +4 sections
  💾 Saved cisa1-batch3.json with 5 enhanced lessons

📚 Processing cisa2...
  Found 12 lessons
  🔄 CISA2-001... ✅ +3 sections
  🔄 CISA2-002... ✅ +3 sections
  🔄 CISA2-003... ✅ +4 sections
  🔄 CISA2-004... ✅ +4 sections
  🔄 CISA2-005... ✅ +3 sections
  🔄 CISA2-006... ✅ +3 sections
  🔄 CISA2-007... ✅ +3 sections
  🔄 CISA2-008... ✅ +4 sections
  🔄 CISA2-009... ✅ +4 sections
  🔄 CISA2-010... ✅ +3 sections
  🔄 CISA2-011... ✅ +4 sections
  🔄 CISA2-012... ✅ +4 sections
  💾 Saved cisa2.json with 12 enhanced lessons

📚 Processing cisa2-batch2...
  Found 6 lessons
  🔄 CISA2-016... ✅ +3 sections
  🔄 CISA2-017... ✅ +3 sections
  🔄 CISA2-018... ✅ +3 sections
  🔄 CISA2-019... ✅ +3 sections
  🔄 CISA2-020... ✅ +3 sections
  🔄 CISA2-021... ✅ +3 sections
  💾 Saved cisa2-batch2.json with 6 enhanced lessons

📚 Processing cisa3...
  Found 14 lessons
  🔄 CISA3-001... ✅ +3 sections
  🔄 CISA3-002... ✅ +4 sections
  🔄 CISA3-003... ✅ +4 sections
  🔄 CISA3-004... ✅ +4 sections
  🔄 CISA3-005... ✅ +4 sections
  🔄 CISA3-006... ✅ +3 sections
  🔄 CISA3-007... ✅ +4 sections
  🔄 CISA3-008... ✅ +3 sections
  🔄 CISA3-009... ✅ +3 sections
  🔄 CISA3-010... ✅ +4 sections
  🔄 CISA3-011... ✅ +4 sections
  🔄 CISA3-012... ✅ +3 sections
  🔄 CISA3-013... ✅ +3 sections
  🔄 CISA3-014... ✅ +4 sections
  💾 Saved cisa3.json with 14 enhanced lessons

📚 Processing cisa3-batch2...
  Found 6 lessons
  🔄 CISA3-016... ✅ +3 sections
  🔄 CISA3-017... ✅ +3 sections
  🔄 CISA3-018... ✅ +3 sections
  🔄 CISA3-019... ✅ +3 sections
  🔄 CISA3-020... ✅ +3 sections
  🔄 CISA3-021... ✅ +3 sections
  💾 Saved cisa3-batch2.json with 6 enhanced lessons

📚 Processing cisa4...
  Found 16 lessons
  🔄 CISA4-001... ✅ +3 sections
  🔄 CISA4-002... ✅ +3 sections
  🔄 CISA4-003... ✅ +4 sections
  🔄 CISA4-004... ✅ +3 sections
  🔄 CISA4-005... ✅ +4 sections
  🔄 CISA4-006... ✅ +3 sections
  🔄 CISA4-007... ✅ +3 sections
  🔄 CISA4-008... ✅ +3 sections
  🔄 CISA4-009... ✅ +3 sections
  🔄 CISA4-010... ✅ +4 sections
  🔄 CISA4-011... ✅ +3 sections
  🔄 CISA4-012... ✅ +4 sections
  🔄 CISA4-013... ✅ +3 sections
  🔄 CISA4-014... ✅ +4 sections
  🔄 CISA4-015... ✅ +3 sections
  🔄 CISA4-016... ✅ +3 sections
  💾 Saved cisa4.json with 16 enhanced lessons

📚 Processing cisa4-batch2...
  Found 6 lessons
  🔄 CISA4-017... ✅ +4 sections
  🔄 CISA4-018... ✅ +3 sections
  🔄 CISA4-019... ✅ +3 sections
  🔄 CISA4-020... ✅ +3 sections
  🔄 CISA4-021... ✅ +3 sections
  🔄 CISA4-022... ✅ +3 sections
  💾 Saved cisa4-batch2.json with 6 enhanced lessons

📚 Processing cisa5...
  Found 18 lessons
  🔄 CISA5-001... ✅ +3 sections
  🔄 CISA5-002... ✅ +4 sections
  🔄 CISA5-003... ✅ +3 sections
  🔄 CISA5-004... ❌ failed
  🔄 CISA5-005... ✅ +3 sections
  🔄 CISA5-006... ❌ failed
  🔄 CISA5-007... ✅ +3 sections
  🔄 CISA5-008... ✅ +3 sections
  🔄 CISA5-009... ✅ +4 sections
  🔄 CISA5-010... ✅ +3 sections
  🔄 CISA5-011... ✅ +3 sections
  🔄 CISA5-012... ✅ +3 sections
  🔄 CISA5-013... ✅ +4 sections
  🔄 CISA5-014... ✅ +3 sections
  🔄 CISA5-017... ✅ +4 sections
  🔄 CISA5-018... ✅ +4 sections
  🔄 CISA5-019... ✅ +3 sections
  🔄 CISA5-020... ✅ +4 sections
  💾 Saved cisa5.json with 16 enhanced lessons

📚 Processing cisa5-batch2...
  Found 6 lessons
  🔄 CISA5-021... ✅ +3 sections
  🔄 CISA5-022... ✅ +3 sections
  🔄 CISA5-023... ❌ failed
  🔄 CISA5-024... ✅ +3 sections
  🔄 CISA5-025... ✅ +3 sections
  🔄 CISA5-026... ✅ +4 sections
  💾 Saved cisa5-batch2.json with 5 enhanced lessons

============================================================
  ENHANCING CFP LESSONS
  CFP Exam (Certified Financial Planner)
============================================================

📚 Processing gen-financial-statements...
  Found 4 lessons
  🔄 CFP-GEN-L006... ✅ +3 sections
  🔄 CFP-GEN-L007... ✅ +3 sections
  🔄 CFP-GEN-L008... ✅ +3 sections
  🔄 CFP-GEN-L009... ✅ +3 sections
  💾 Saved gen-financial-statements.json with 4 enhanced lessons

📚 Processing gen-time-value...
  Found 6 lessons
  🔄 CFP-GEN-L010... ✅ +3 sections
  🔄 CFP-GEN-L011... ✅ +3 sections
  🔄 CFP-GEN-L012... ✅ +3 sections
  🔄 CFP-GEN-L013... ✅ +3 sections
  🔄 CFP-GEN-L014... ✅ +3 sections
  🔄 CFP-GEN-L015... ✅ +3 sections
  💾 Saved gen-time-value.json with 6 enhanced lessons

📚 Processing gen-economic...
  Found 4 lessons
  🔄 CFP-GEN-L020... ✅ +3 sections
  🔄 CFP-GEN-L021... ✅ +3 sections
  🔄 CFP-GEN-L022... ✅ +3 sections
  🔄 CFP-GEN-L023... ✅ +4 sections
  💾 Saved gen-economic.json with 4 enhanced lessons

📚 Processing gen-education...
  Found 4 lessons
  🔄 CFP-GEN-L016... ✅ +3 sections
  🔄 CFP-GEN-L017... ✅ +3 sections
  🔄 CFP-GEN-L018... ✅ +3 sections
  🔄 CFP-GEN-L019... ✅ +3 sections
  💾 Saved gen-education.json with 4 enhanced lessons

📚 Processing inv-theory...
  Found 4 lessons
  🔄 CFP-INV-L001... ✅ +3 sections
  🔄 CFP-INV-L002... ✅ +3 sections
  🔄 CFP-INV-L003... ✅ +3 sections
  🔄 CFP-INV-L004... ✅ +4 sections
  💾 Saved inv-theory.json with 4 enhanced lessons

📚 Processing inv-vehicles...
  Found 4 lessons
  🔄 CFP-INV-L005... ✅ +3 sections
  🔄 CFP-INV-L006... ✅ +3 sections
  🔄 CFP-INV-L007... ✅ +4 sections
  🔄 CFP-INV-L008... ✅ +3 sections
  💾 Saved inv-vehicles.json with 4 enhanced lessons

📚 Processing inv-portfolio...
  Found 4 lessons
  🔄 CFP-INV-L009... ✅ +3 sections
  🔄 CFP-INV-L010... ✅ +4 sections
  🔄 CFP-INV-L011... ✅ +3 sections
  🔄 CFP-INV-L012... ✅ +3 sections
  💾 Saved inv-portfolio.json with 4 enhanced lessons

📚 Processing ris-fundamentals...
  Found 3 lessons
  🔄 CFP-RIS-L001... ✅ +3 sections
  🔄 CFP-RIS-L002... ✅ +3 sections
  🔄 CFP-RIS-L003... ✅ +3 sections
  💾 Saved ris-fundamentals.json with 3 enhanced lessons

📚 Processing ris-life...
  Found 4 lessons
  🔄 CFP-RIS-L004... ✅ +3 sections
  🔄 CFP-RIS-L005... ✅ +3 sections
  🔄 CFP-RIS-L006... ✅ +3 sections
  🔄 CFP-RIS-L007... ✅ +3 sections
  💾 Saved ris-life.json with 4 enhanced lessons

📚 Processing ris-health...
  Found 4 lessons
  🔄 CFP-RIS-L008... ✅ +3 sections
  🔄 CFP-RIS-L009... ✅ +3 sections
  🔄 CFP-RIS-L010... ✅ +3 sections
  🔄 CFP-RIS-L014... ✅ +3 sections
  💾 Saved ris-health.json with 4 enhanced lessons

📚 Processing ris-property...
  Found 3 lessons
  🔄 CFP-RIS-L011... ✅ +4 sections
  🔄 CFP-RIS-L012... ✅ +3 sections
  🔄 CFP-RIS-L013... ✅ +3 sections
  💾 Saved ris-property.json with 3 enhanced lessons

📚 Processing tax-fundamentals...
  Found 4 lessons
  🔄 CFP-TAX-L001... ✅ +3 sections
  🔄 CFP-TAX-L002... ✅ +3 sections
  🔄 CFP-TAX-L003... ✅ +4 sections
  🔄 CFP-TAX-L004... ❌ failed
  💾 Saved tax-fundamentals.json with 3 enhanced lessons

📚 Processing tax-strategies...
  Found 4 lessons
  🔄 CFP-TAX-L005... ✅ +3 sections
  🔄 CFP-TAX-L006... ❌ failed
  🔄 CFP-TAX-L007... ✅ +4 sections
  🔄 CFP-TAX-L008... ✅ +3 sections
  💾 Saved tax-strategies.json with 3 enhanced lessons

📚 Processing tax-advanced...
  Found 4 lessons
  🔄 TAX-L009... ✅ +4 sections
  🔄 TAX-L010... ✅ +3 sections
  🔄 TAX-L011... ✅ +3 sections
  🔄 TAX-L012... ✅ +3 sections
  💾 Saved tax-advanced.json with 4 enhanced lessons

📚 Processing ret-needs...
  Found 4 lessons
  🔄 CFP-RET-L001... ✅ +3 sections
  🔄 CFP-RET-L002... ✅ +3 sections
  🔄 CFP-RET-L003... ❌ failed
  🔄 CFP-RET-L004... ✅ +3 sections
  💾 Saved ret-needs.json with 3 enhanced lessons

📚 Processing ret-employer...
  Found 4 lessons
  🔄 CFP-RET-L005... ✅ +3 sections
  🔄 CFP-RET-L006... ✅ +3 sections
  🔄 CFP-RET-L007... ✅ +3 sections
  🔄 CFP-RET-L008... ✅ +3 sections
  💾 Saved ret-employer.json with 4 enhanced lessons

📚 Processing ret-individual...
  Found 4 lessons
  🔄 CFP-RET-L009... ✅ +3 sections
  🔄 CFP-RET-L010... ✅ +3 sections
  🔄 CFP-RET-L011... ✅ +3 sections
  🔄 CFP-RET-L012... ✅ +3 sections
  💾 Saved ret-individual.json with 4 enhanced lessons

📚 Processing ret-executive...
  Found 4 lessons
  🔄 CFP-RET-L013... ✅ +3 sections
  🔄 CFP-RET-L014... ✅ +3 sections
  🔄 CFP-RET-L015... ✅ +3 sections
  🔄 CFP-RET-L016... ✅ +3 sections
  💾 Saved ret-executive.json with 4 enhanced lessons

📚 Processing ret-special...
  Found 4 lessons
  🔄 CFP-RET-L017... ✅ +3 sections
  🔄 CFP-RET-L018... ✅ +3 sections
  🔄 CFP-RET-L019... ✅ +3 sections
  🔄 CFP-RET-L020... ✅ +3 sections
  💾 Saved ret-special.json with 4 enhanced lessons

📚 Processing ret-advanced...
  Found 5 lessons
  🔄 CFP-RET-L021... ✅ +3 sections
  🔄 CFP-RET-L022... ✅ +3 sections
  🔄 CFP-RET-L023... ✅ +3 sections
  🔄 CFP-RET-L024... ✅ +3 sections
  🔄 CFP-RET-L025... ✅ +3 sections
  💾 Saved ret-advanced.json with 5 enhanced lessons

📚 Processing est-documents...
  Found 4 lessons
  🔄 CFP-EST-L001... ✅ +3 sections
  🔄 CFP-EST-L002... ✅ +3 sections
  🔄 CFP-EST-L003... ✅ +3 sections
  🔄 CFP-EST-L004... ✅ +3 sections
  💾 Saved est-documents.json with 4 enhanced lessons

📚 Processing est-transfers...
  Found 4 lessons
  🔄 CFP-EST-L009... ✅ +4 sections
  🔄 CFP-EST-L010... ✅ +4 sections
  🔄 CFP-EST-L011... ✅ +3 sections
  🔄 CFP-EST-L012... ✅ +4 sections
  💾 Saved est-transfers.json with 4 enhanced lessons

📚 Processing est-taxation...
  Found 4 lessons
  🔄 CFP-EST-L005... ✅ +3 sections
  🔄 CFP-EST-L006... ✅ +3 sections
  🔄 CFP-EST-L007... ✅ +3 sections
  🔄 CFP-EST-L008... ✅ +3 sections
  💾 Saved est-taxation.json with 4 enhanced lessons

📚 Processing est-advanced...
  Found 4 lessons
  🔄 CFP-EST-L013... ✅ +3 sections
  🔄 CFP-EST-L014... ✅ +3 sections
  🔄 CFP-EST-L015... ✅ +3 sections
  🔄 CFP-EST-L016... ✅ +3 sections
  💾 Saved est-advanced.json with 4 enhanced lessons

📚 Processing psy-behavioral...
  Found 5 lessons
  🔄 CFP-PSY-L001... ✅ +3 sections
  🔄 CFP-PSY-L002... ✅ +3 sections
  🔄 CFP-PSY-L003... ✅ +4 sections
  🔄 CFP-PSY-L004... ✅ +4 sections
  🔄 CFP-PSY-L005... ✅ +3 sections
  💾 Saved psy-behavioral.json with 5 enhanced lessons

📚 Processing psy-counseling...
  Found 5 lessons
  🔄 CFP-PSY-L006... ✅ +4 sections
  🔄 CFP-PSY-L007... ✅ +3 sections
  🔄 CFP-PSY-L008... ✅ +4 sections
  🔄 CFP-PSY-L009... ✅ +3 sections
  🔄 CFP-PSY-L010... ✅ +3 sections
  💾 Saved psy-counseling.json with 5 enhanced lessons

📚 Processing pro-standards...
  Found 4 lessons
  🔄 CFP-PRO-L001... ✅ +3 sections
  🔄 CFP-PRO-L002... ✅ +3 sections
  🔄 CFP-PRO-L003... ✅ +3 sections
  🔄 CFP-PRO-L004... ✅ +3 sections
  💾 Saved pro-standards.json with 4 enhanced lessons

📚 Processing pro-regulations...
  Found 4 lessons
  🔄 CFP-PRO-L005... ✅ +3 sections
  🔄 CFP-PRO-L006... ✅ +3 sections
  🔄 CFP-PRO-L007... ✅ +3 sections
  🔄 CFP-PRO-L008... ✅ +3 sections
  💾 Saved pro-regulations.json with 4 enhanced lessons

📚 Processing pro-fiduciary...
  Found 4 lessons
  🔄 PRO-L009... ✅ +3 sections
  🔄 PRO-L010... ✅ +3 sections
  🔄 PRO-L011... ✅ +3 sections
  🔄 PRO-L012... ✅ +3 sections
  💾 Saved pro-fiduciary.json with 4 enhanced lessons

============================================================
  ENHANCEMENT SUMMARY
============================================================
  EA   : 148 enhanced, 4 failed, 0 skipped
  CMA  : 113 enhanced, 1 failed, 0 skipped
  CIA  : 135 enhanced, 5 failed, 0 skipped
  CISA : 106 enhanced, 3 failed, 0 skipped
  CFP  : 116 enhanced, 3 failed, 0 skipped
------------------------------------------------------------
  TOTAL: 618 lessons enhanced, 16 failed

✅ Run 'npm run build' to verify, then 'npm run deploy:prod' to deploy
